<?xml version="1.0" encoding="UTF-8"?>
<testsuite xmlns:xsi="http://www.w3.org/2001/XMLSchema-instance" xsi:noNamespaceSchemaLocation="https://maven.apache.org/surefire/maven-surefire-plugin/xsd/surefire-test-report-3.0.xsd" version="3.0" name="utils.CalendarTest" time="0.068" tests="3" errors="3" skipped="0" failures="0">
  <properties>
    <property name="java.specification.version" value="21"/>
    <property name="sun.cpu.isalist" value="amd64"/>
    <property name="sun.jnu.encoding" value="Cp1252"/>
    <property name="java.class.path" value="C:\Users\ESPE-LABS\Contacts\Documents\CrealtivaStudioApp\CrealtivaStudioApp\target\test-classes;C:\Users\ESPE-LABS\Contacts\Documents\CrealtivaStudioApp\CrealtivaStudioApp\target\classes;C:\Users\ESPE-LABS\.m2\repository\com\google\code\gson\gson\2.10.1\gson-2.10.1.jar;C:\Users\ESPE-LABS\.m2\repository\org\junit\jupiter\junit-jupiter-api\5.10.3\junit-jupiter-api-5.10.3.jar;C:\Users\ESPE-LABS\.m2\repository\org\opentest4j\opentest4j\1.3.0\opentest4j-1.3.0.jar;C:\Users\ESPE-LABS\.m2\repository\org\junit\platform\junit-platform-commons\1.10.3\junit-platform-commons-1.10.3.jar;C:\Users\ESPE-LABS\.m2\repository\org\apiguardian\apiguardian-api\1.1.2\apiguardian-api-1.1.2.jar;C:\Users\ESPE-LABS\.m2\repository\org\junit\jupiter\junit-jupiter-params\5.10.3\junit-jupiter-params-5.10.3.jar;C:\Users\ESPE-LABS\.m2\repository\org\junit\jupiter\junit-jupiter-engine\5.10.3\junit-jupiter-engine-5.10.3.jar;C:\Users\ESPE-LABS\.m2\repository\org\junit\platform\junit-platform-engine\1.10.3\junit-platform-engine-1.10.3.jar;C:\Users\ESPE-LABS\.m2\repository\org\mongodb\mongodb-driver-sync\4.11.1\mongodb-driver-sync-4.11.1.jar;C:\Users\ESPE-LABS\.m2\repository\org\mongodb\bson\4.11.1\bson-4.11.1.jar;C:\Users\ESPE-LABS\.m2\repository\org\mongodb\mongodb-driver-core\4.11.1\mongodb-driver-core-4.11.1.jar;C:\Users\ESPE-LABS\.m2\repository\org\mongodb\bson-record-codec\4.11.1\bson-record-codec-4.11.1.jar;"/>
    <property name="java.vm.vendor" value="Oracle Corporation"/>
    <property name="sun.arch.data.model" value="64"/>
    <property name="user.variant" value=""/>
    <property name="java.vendor.url" value="https://java.oracle.com/"/>
    <property name="user.timezone" value="America/Guayaquil"/>
    <property name="os.name" value="Windows 11"/>
    <property name="java.vm.specification.version" value="21"/>
    <property name="user.country" value="ES"/>
    <property name="sun.java.launcher" value="SUN_STANDARD"/>
    <property name="sun.boot.library.path" value="C:\Program Files\Java\jdk-21\bin"/>
    <property name="sun.java.command" value="C:\Users\ESPE-LABS\AppData\Local\Temp\surefire2858254430080461491\surefirebooter-20251210102143578_3.jar C:\Users\ESPE-LABS\AppData\Local\Temp\surefire2858254430080461491 2025-12-10T10-21-43_439-jvmRun1 surefire-20251210102143578_1tmp surefire_0-20251210102143578_2tmp"/>
    <property name="jdk.debug" value="release"/>
    <property name="surefire.test.class.path" value="C:\Users\ESPE-LABS\Contacts\Documents\CrealtivaStudioApp\CrealtivaStudioApp\target\test-classes;C:\Users\ESPE-LABS\Contacts\Documents\CrealtivaStudioApp\CrealtivaStudioApp\target\classes;C:\Users\ESPE-LABS\.m2\repository\com\google\code\gson\gson\2.10.1\gson-2.10.1.jar;C:\Users\ESPE-LABS\.m2\repository\org\junit\jupiter\junit-jupiter-api\5.10.3\junit-jupiter-api-5.10.3.jar;C:\Users\ESPE-LABS\.m2\repository\org\opentest4j\opentest4j\1.3.0\opentest4j-1.3.0.jar;C:\Users\ESPE-LABS\.m2\repository\org\junit\platform\junit-platform-commons\1.10.3\junit-platform-commons-1.10.3.jar;C:\Users\ESPE-LABS\.m2\repository\org\apiguardian\apiguardian-api\1.1.2\apiguardian-api-1.1.2.jar;C:\Users\ESPE-LABS\.m2\repository\org\junit\jupiter\junit-jupiter-params\5.10.3\junit-jupiter-params-5.10.3.jar;C:\Users\ESPE-LABS\.m2\repository\org\junit\jupiter\junit-jupiter-engine\5.10.3\junit-jupiter-engine-5.10.3.jar;C:\Users\ESPE-LABS\.m2\repository\org\junit\platform\junit-platform-engine\1.10.3\junit-platform-engine-1.10.3.jar;C:\Users\ESPE-LABS\.m2\repository\org\mongodb\mongodb-driver-sync\4.11.1\mongodb-driver-sync-4.11.1.jar;C:\Users\ESPE-LABS\.m2\repository\org\mongodb\bson\4.11.1\bson-4.11.1.jar;C:\Users\ESPE-LABS\.m2\repository\org\mongodb\mongodb-driver-core\4.11.1\mongodb-driver-core-4.11.1.jar;C:\Users\ESPE-LABS\.m2\repository\org\mongodb\bson-record-codec\4.11.1\bson-record-codec-4.11.1.jar;"/>
    <property name="sun.cpu.endian" value="little"/>
    <property name="user.home" value="C:\Users\ESPE-LABS"/>
    <property name="user.language" value="es"/>
    <property name="java.specification.vendor" value="Oracle Corporation"/>
    <property name="java.version.date" value="2025-04-15"/>
    <property name="java.home" value="C:\Program Files\Java\jdk-21"/>
    <property name="file.separator" value="\"/>
    <property name="basedir" value="C:\Users\ESPE-LABS\Contacts\Documents\CrealtivaStudioApp\CrealtivaStudioApp"/>
    <property name="java.vm.compressedOopsMode" value="Zero based"/>
    <property name="line.separator" value="&#10;"/>
    <property name="java.vm.specification.vendor" value="Oracle Corporation"/>
    <property name="java.specification.name" value="Java Platform API Specification"/>
    <property name="surefire.real.class.path" value="C:\Users\ESPE-LABS\AppData\Local\Temp\surefire2858254430080461491\surefirebooter-20251210102143578_3.jar"/>
    <property name="user.script" value=""/>
    <property name="sun.management.compiler" value="HotSpot 64-Bit Tiered Compilers"/>
    <property name="java.runtime.version" value="21.0.7+8-LTS-245"/>
    <property name="user.name" value="ESPE-LABS"/>
    <property name="stdout.encoding" value="Cp1252"/>
    <property name="path.separator" value=";"/>
    <property name="os.version" value="10.0"/>
    <property name="java.runtime.name" value="Java(TM) SE Runtime Environment"/>
    <property name="file.encoding" value="UTF-8"/>
    <property name="java.vm.name" value="Java HotSpot(TM) 64-Bit Server VM"/>
    <property name="maven.ext.class.path" value="C:\Program Files\NetBeans-25\netbeans\java\maven-nblib\netbeans-eventspy.jar"/>
    <property name="localRepository" value="C:\Users\ESPE-LABS\.m2\repository"/>
    <property name="java.vendor.url.bug" value="https://bugreport.java.com/bugreport/"/>
    <property name="java.io.tmpdir" value="C:\Users\ESPE-L~1\AppData\Local\Temp\"/>
    <property name="java.version" value="21.0.7"/>
    <property name="user.dir" value="C:\Users\ESPE-LABS\Contacts\Documents\CrealtivaStudioApp\CrealtivaStudioApp"/>
    <property name="os.arch" value="amd64"/>
    <property name="java.vm.specification.name" value="Java Virtual Machine Specification"/>
    <property name="sun.os.patch.level" value=""/>
    <property name="native.encoding" value="Cp1252"/>
    <property name="java.library.path" value="C:\Program Files\Java\jdk-21\bin;C:\WINDOWS\Sun\Java\bin;C:\WINDOWS\system32;C:\WINDOWS;C:\Program Files\Common Files\Oracle\Java\javapath;C:\WINDOWS\system32;C:\WINDOWS;C:\WINDOWS\System32\Wbem;C:\WINDOWS\System32\WindowsPowerShell\v1.0\;C:\WINDOWS\System32\OpenSSH\;C:\Program Files\Git\cmd;C:\Program Files\Microsoft SQL Server\150\Tools\Binn\;C:\Program Files\dotnet\;C:\Program Files\nodejs\;C:\Users\ESPE-LABS\AppData\Local\Programs\Python\Python313\Scripts\;C:\Users\ESPE-LABS\AppData\Local\Programs\Python\Python313\;C:\Users\ESPE-LABS\AppData\Local\Microsoft\WindowsApps;C:\Users\ESPE-LABS\AppData\Local\Programs\Microsoft VS Code\bin;C:\Users\ESPE-LABS\.dotnet\tools;C:\winlibs-x86_64-posix-seh-gcc-15.2.0-mingw-w64msvcrt-13.0.0-r1\mingw64\bin;C:\Users\ESPE-LABS\AppData\Local\Python\bin;C:\Users\ESPE-LABS\AppData\Roaming\npm;."/>
    <property name="java.vm.info" value="mixed mode, sharing"/>
    <property name="stderr.encoding" value="Cp1252"/>
    <property name="java.vendor" value="Oracle Corporation"/>
    <property name="java.vm.version" value="21.0.7+8-LTS-245"/>
    <property name="sun.io.unicode.encoding" value="UnicodeLittle"/>
    <property name="java.class.version" value="65.0"/>
  </properties>
  <testcase name="testGetFullSchedule" classname="utils.CalendarTest" time="0.041">
    <error message="text" type="java.lang.NullPointerException"><![CDATA[java.lang.NullPointerException: text
	at java.base/java.util.Objects.requireNonNull(Objects.java:259)
	at java.base/java.time.format.DateTimeFormatter.parse(DateTimeFormatter.java:2007)
	at java.base/java.time.LocalDate.parse(LocalDate.java:435)
	at java.base/java.time.LocalDate.parse(LocalDate.java:420)
	at ec.edu.espe.crealtivastudios.model.Calendar.getFullSchedule(Calendar.java:28)
	at utils.CalendarTest.testGetFullSchedule(CalendarTest.java:43)
	at java.base/java.lang.reflect.Method.invoke(Method.java:580)
	at java.base/java.util.ArrayList.forEach(ArrayList.java:1596)
	at java.base/java.util.ArrayList.forEach(ArrayList.java:1596)
]]></error>
    <system-out><![CDATA[getFullSchedule
]]></system-out>
  </testcase>
  <testcase name="testPrintFullCalendar" classname="utils.CalendarTest" time="0.003">
    <error message="text" type="java.lang.NullPointerException"><![CDATA[java.lang.NullPointerException: text
	at java.base/java.util.Objects.requireNonNull(Objects.java:259)
	at java.base/java.time.format.DateTimeFormatter.parse(DateTimeFormatter.java:2007)
	at java.base/java.time.LocalDate.parse(LocalDate.java:435)
	at java.base/java.time.LocalDate.parse(LocalDate.java:420)
	at ec.edu.espe.crealtivastudios.model.Calendar.getFullSchedule(Calendar.java:28)
	at ec.edu.espe.crealtivastudios.model.Calendar.printFullCalendar(Calendar.java:89)
	at utils.CalendarTest.testPrintFullCalendar(CalendarTest.java:63)
	at java.base/java.lang.reflect.Method.invoke(Method.java:580)
	at java.base/java.util.ArrayList.forEach(ArrayList.java:1596)
	at java.base/java.util.ArrayList.forEach(ArrayList.java:1596)
]]></error>
    <system-out><![CDATA[printFullCalendar
]]></system-out>
  </testcase>
  <testcase name="testPrintMonthlySchedule" classname="utils.CalendarTest" time="0.002">
    <error message="text" type="java.lang.NullPointerException"><![CDATA[java.lang.NullPointerException: text
	at java.base/java.util.Objects.requireNonNull(Objects.java:259)
	at java.base/java.time.format.DateTimeFormatter.parse(DateTimeFormatter.java:2007)
	at java.base/java.time.LocalDate.parse(LocalDate.java:435)
	at java.base/java.time.LocalDate.parse(LocalDate.java:420)
	at ec.edu.espe.crealtivastudios.model.Calendar.getFullSchedule(Calendar.java:28)
	at ec.edu.espe.crealtivastudios.model.Calendar.printMonthlySchedule(Calendar.java:75)
	at utils.CalendarTest.testPrintMonthlySchedule(CalendarTest.java:54)
	at java.base/java.lang.reflect.Method.invoke(Method.java:580)
	at java.base/java.util.ArrayList.forEach(ArrayList.java:1596)
	at java.base/java.util.ArrayList.forEach(ArrayList.java:1596)
]]></error>
    <system-out><![CDATA[printMonthlySchedule
]]></system-out>
  </testcase>
</testsuite>