-------------------------------------------------------------------------------
Test set: utils.CalendarTest
-------------------------------------------------------------------------------
Tests run: 3, Failures: 0, Errors: 3, Skipped: 0, Time elapsed: 0.068 s <<< FAILURE! -- in utils.CalendarTest
utils.CalendarTest.testGetFullSchedule -- Time elapsed: 0.041 s <<< ERROR!
java.lang.NullPointerException: text
	at java.base/java.util.Objects.requireNonNull(Objects.java:259)
	at java.base/java.time.format.DateTimeFormatter.parse(DateTimeFormatter.java:2007)
	at java.base/java.time.LocalDate.parse(LocalDate.java:435)
	at java.base/java.time.LocalDate.parse(LocalDate.java:420)
	at ec.edu.espe.crealtivastudios.model.Calendar.getFullSchedule(Calendar.java:28)
	at utils.CalendarTest.testGetFullSchedule(CalendarTest.java:43)
	at java.base/java.lang.reflect.Method.invoke(Method.java:580)
	at java.base/java.util.ArrayList.forEach(ArrayList.java:1596)
	at java.base/java.util.ArrayList.forEach(ArrayList.java:1596)

utils.CalendarTest.testPrintFullCalendar -- Time elapsed: 0.003 s <<< ERROR!
java.lang.NullPointerException: text
	at java.base/java.util.Objects.requireNonNull(Objects.java:259)
	at java.base/java.time.format.DateTimeFormatter.parse(DateTimeFormatter.java:2007)
	at java.base/java.time.LocalDate.parse(LocalDate.java:435)
	at java.base/java.time.LocalDate.parse(LocalDate.java:420)
	at ec.edu.espe.crealtivastudios.model.Calendar.getFullSchedule(Calendar.java:28)
	at ec.edu.espe.crealtivastudios.model.Calendar.printFullCalendar(Calendar.java:89)
	at utils.CalendarTest.testPrintFullCalendar(CalendarTest.java:63)
	at java.base/java.lang.reflect.Method.invoke(Method.java:580)
	at java.base/java.util.ArrayList.forEach(ArrayList.java:1596)
	at java.base/java.util.ArrayList.forEach(ArrayList.java:1596)

utils.CalendarTest.testPrintMonthlySchedule -- Time elapsed: 0.002 s <<< ERROR!
java.lang.NullPointerException: text
	at java.base/java.util.Objects.requireNonNull(Objects.java:259)
	at java.base/java.time.format.DateTimeFormatter.parse(DateTimeFormatter.java:2007)
	at java.base/java.time.LocalDate.parse(LocalDate.java:435)
	at java.base/java.time.LocalDate.parse(LocalDate.java:420)
	at ec.edu.espe.crealtivastudios.model.Calendar.getFullSchedule(Calendar.java:28)
	at ec.edu.espe.crealtivastudios.model.Calendar.printMonthlySchedule(Calendar.java:75)
	at utils.CalendarTest.testPrintMonthlySchedule(CalendarTest.java:54)
	at java.base/java.lang.reflect.Method.invoke(Method.java:580)
	at java.base/java.util.ArrayList.forEach(ArrayList.java:1596)
	at java.base/java.util.ArrayList.forEach(ArrayList.java:1596)

