<?xml version="1.0" encoding="UTF-8"?>
<testsuite xmlns:xsi="http://www.w3.org/2001/XMLSchema-instance" xsi:noNamespaceSchemaLocation="https://maven.apache.org/surefire/maven-surefire-plugin/xsd/surefire-test-report-3.0.xsd" version="3.0" name="utils.MonthTest" time="0.049" tests="21" errors="19" skipped="0" failures="2">
  <properties>
[...]
</properties>
  <testcase name="testAddVideoCall" classname="utils.MonthTest" time="0.003">
    <error message="Cannot invoke &quot;ec.edu.espe.crealtivastudios.model.Month.addVideoCall(ec.edu.espe.crealtivastudios.model.VideoCall)&quot; because &quot;instance&quot; is null" type="java.lang.NullPointerException"><![CDATA[java.lang.NullPointerException: Cannot invoke "ec.edu.espe.crealtivastudios.model.Month.addVideoCall(ec.edu.espe.crealtivastudios.model.VideoCall)" because "instance" is null
	at utils.MonthTest.testAddVideoCall(MonthTest.java:58)
	at java.base/java.lang.reflect.Method.invoke(Method.java:580)
	at java.base/java.util.ArrayList.forEach(ArrayList.java:1596)
	at java.base/java.util.ArrayList.forEach(ArrayList.java:1596)
]]></error>
    <system-out><![CDATA[addVideoCall
]]></system-out>
  </testcase>
  <testcase name="testGetDetailedReport" classname="utils.MonthTest" time="0.001">
    <error message="Cannot invoke &quot;ec.edu.espe.crealtivastudios.model.Month.getDetailedReport()&quot; because &quot;instance&quot; is null" type="java.lang.NullPointerException"><![CDATA[java.lang.NullPointerException: Cannot invoke "ec.edu.espe.crealtivastudios.model.Month.getDetailedReport()" because "instance" is null
	at utils.MonthTest.testGetDetailedReport(MonthTest.java:181)
	at java.base/java.lang.reflect.Method.invoke(Method.java:580)
	at java.base/java.util.ArrayList.forEach(ArrayList.java:1596)
	at java.base/java.util.ArrayList.forEach(ArrayList.java:1596)
]]></error>
    <system-out><![CDATA[getDetailedReport
]]></system-out>
  </testcase>
  <testcase name="testGetMonth" classname="utils.MonthTest" time="0.002">
    <error message="Invalid value for MonthOfYear (valid values 1 - 12): 0" type="java.time.DateTimeException"><![CDATA[java.time.DateTimeException: Invalid value for MonthOfYear (valid values 1 - 12): 0
	at java.base/java.time.temporal.ValueRange.checkValidValue(ValueRange.java:319)
	at java.base/java.time.temporal.ChronoField.checkValidValue(ChronoField.java:718)
	at java.base/java.time.YearMonth.of(YearMonth.java:229)
	at ec.edu.espe.crealtivastudios.model.Month.<init>(Month.java:29)
	at ec.edu.espe.crealtivastudios.model.Month.getMonth(Month.java:250)
	at utils.MonthTest.testGetMonth(MonthTest.java:247)
	at java.base/java.lang.reflect.Method.invoke(Method.java:580)
	at java.base/java.util.ArrayList.forEach(ArrayList.java:1596)
	at java.base/java.util.ArrayList.forEach(ArrayList.java:1596)
]]></error>
    <system-out><![CDATA[getMonth
]]></system-out>
  </testcase>
  <testcase name="testGetCurrentMonth" classname="utils.MonthTest" time="0.021">
    <failure message="expected: &lt;null&gt; but was: &lt;diciembre 2025 - 0 eventos, 0 videollamadas&gt;" type="org.opentest4j.AssertionFailedError"><![CDATA[org.opentest4j.AssertionFailedError: expected: <null> but was: <diciembre 2025 - 0 eventos, 0 videollamadas>
	at org.junit.jupiter.api.AssertionFailureBuilder.build(AssertionFailureBuilder.java:151)
	at org.junit.jupiter.api.AssertionFailureBuilder.buildAndThrow(AssertionFailureBuilder.java:132)
	at org.junit.jupiter.api.AssertEquals.failNotEqual(AssertEquals.java:197)
	at org.junit.jupiter.api.AssertEquals.assertEquals(AssertEquals.java:182)
	at org.junit.jupiter.api.AssertEquals.assertEquals(AssertEquals.java:177)
	at org.junit.jupiter.api.Assertions.assertEquals(Assertions.java:1145)
	at utils.MonthTest.testGetCurrentMonth(MonthTest.java:236)
	at java.base/java.lang.reflect.Method.invoke(Method.java:580)
	at java.base/java.util.ArrayList.forEach(ArrayList.java:1596)
	at java.base/java.util.ArrayList.forEach(ArrayList.java:1596)
]]></failure>
    <system-out><![CDATA[getCurrentMonth
]]></system-out>
  </testcase>
  <testcase name="testToString" classname="utils.MonthTest" time="0.001">
    <error message="Cannot invoke &quot;ec.edu.espe.crealtivastudios.model.Month.toString()&quot; because &quot;instance&quot; is null" type="java.lang.NullPointerException"><![CDATA[java.lang.NullPointerException: Cannot invoke "ec.edu.espe.crealtivastudios.model.Month.toString()" because "instance" is null
	at utils.MonthTest.testToString(MonthTest.java:268)
	at java.base/java.lang.reflect.Method.invoke(Method.java:580)
	at java.base/java.util.ArrayList.forEach(ArrayList.java:1596)
	at java.base/java.util.ArrayList.forEach(ArrayList.java:1596)
]]></error>
    <system-out><![CDATA[toString
]]></system-out>
  </testcase>
  <testcase name="testGetEventsByDay" classname="utils.MonthTest" time="0.001">
    <error message="Cannot invoke &quot;ec.edu.espe.crealtivastudios.model.Month.getEventsByDay(int)&quot; because &quot;instance&quot; is null" type="java.lang.NullPointerException"><![CDATA[java.lang.NullPointerException: Cannot invoke "ec.edu.espe.crealtivastudios.model.Month.getEventsByDay(int)" because "instance" is null
	at utils.MonthTest.testGetEventsByDay(MonthTest.java:147)
	at java.base/java.lang.reflect.Method.invoke(Method.java:580)
	at java.base/java.util.ArrayList.forEach(ArrayList.java:1596)
	at java.base/java.util.ArrayList.forEach(ArrayList.java:1596)
]]></error>
    <system-out><![CDATA[getEventsByDay
]]></system-out>
  </testcase>
  <testcase name="testAddEvent" classname="utils.MonthTest" time="0.001">
    <error message="Cannot invoke &quot;ec.edu.espe.crealtivastudios.model.Month.addEvent(ec.edu.espe.crealtivastudios.model.Event)&quot; because &quot;instance&quot; is null" type="java.lang.NullPointerException"><![CDATA[java.lang.NullPointerException: Cannot invoke "ec.edu.espe.crealtivastudios.model.Month.addEvent(ec.edu.espe.crealtivastudios.model.Event)" because "instance" is null
	at utils.MonthTest.testAddEvent(MonthTest.java:46)
	at java.base/java.lang.reflect.Method.invoke(Method.java:580)
	at java.base/java.util.ArrayList.forEach(ArrayList.java:1596)
	at java.base/java.util.ArrayList.forEach(ArrayList.java:1596)
]]></error>
    <system-out><![CDATA[addEvent
]]></system-out>
  </testcase>
  <testcase name="testGetAllMonthsWithActivities" classname="utils.MonthTest" time="0.0">
    <failure message="expected: &lt;null&gt; but was: &lt;[]&gt;" type="org.opentest4j.AssertionFailedError"><![CDATA[org.opentest4j.AssertionFailedError: expected: <null> but was: <[]>
	at org.junit.jupiter.api.AssertionFailureBuilder.build(AssertionFailureBuilder.java:151)
	at org.junit.jupiter.api.AssertionFailureBuilder.buildAndThrow(AssertionFailureBuilder.java:132)
	at org.junit.jupiter.api.AssertEquals.failNotEqual(AssertEquals.java:197)
	at org.junit.jupiter.api.AssertEquals.assertEquals(AssertEquals.java:182)
	at org.junit.jupiter.api.AssertEquals.assertEquals(AssertEquals.java:177)
	at org.junit.jupiter.api.Assertions.assertEquals(Assertions.java:1145)
	at utils.MonthTest.testGetAllMonthsWithActivities(MonthTest.java:258)
	at java.base/java.lang.reflect.Method.invoke(Method.java:580)
	at java.base/java.util.ArrayList.forEach(ArrayList.java:1596)
	at java.base/java.util.ArrayList.forEach(ArrayList.java:1596)
]]></failure>
    <system-out><![CDATA[getAllMonthsWithActivities
]]></system-out>
  </testcase>
  <testcase name="testGetYear" classname="utils.MonthTest" time="0.0">
    <error message="Cannot invoke &quot;ec.edu.espe.crealtivastudios.model.Month.getYear()&quot; because &quot;instance&quot; is null" type="java.lang.NullPointerException"><![CDATA[java.lang.NullPointerException: Cannot invoke "ec.edu.espe.crealtivastudios.model.Month.getYear()" because "instance" is null
	at utils.MonthTest.testGetYear(MonthTest.java:214)
	at java.base/java.lang.reflect.Method.invoke(Method.java:580)
	at java.base/java.util.ArrayList.forEach(ArrayList.java:1596)
	at java.base/java.util.ArrayList.forEach(ArrayList.java:1596)
]]></error>
    <system-out><![CDATA[getYear
]]></system-out>
  </testcase>
  <testcase name="testGetMonthName" classname="utils.MonthTest" time="0.001">
    <error message="Cannot invoke &quot;ec.edu.espe.crealtivastudios.model.Month.getMonthName()&quot; because &quot;instance&quot; is null" type="java.lang.NullPointerException"><![CDATA[java.lang.NullPointerException: Cannot invoke "ec.edu.espe.crealtivastudios.model.Month.getMonthName()" because "instance" is null
	at utils.MonthTest.testGetMonthName(MonthTest.java:203)
	at java.base/java.lang.reflect.Method.invoke(Method.java:580)
	at java.base/java.util.ArrayList.forEach(ArrayList.java:1596)
	at java.base/java.util.ArrayList.forEach(ArrayList.java:1596)
]]></error>
    <system-out><![CDATA[getMonthName
]]></system-out>
  </testcase>
  <testcase name="testGetVideoCalls" classname="utils.MonthTest" time="0.001">
    <error message="Cannot invoke &quot;ec.edu.espe.crealtivastudios.model.Month.getVideoCalls()&quot; because &quot;instance&quot; is null" type="java.lang.NullPointerException"><![CDATA[java.lang.NullPointerException: Cannot invoke "ec.edu.espe.crealtivastudios.model.Month.getVideoCalls()" because "instance" is null
	at utils.MonthTest.testGetVideoCalls(MonthTest.java:89)
	at java.base/java.lang.reflect.Method.invoke(Method.java:580)
	at java.base/java.util.ArrayList.forEach(ArrayList.java:1596)
	at java.base/java.util.ArrayList.forEach(ArrayList.java:1596)
]]></error>
    <system-out><![CDATA[getVideoCalls
]]></system-out>
  </testcase>
  <testcase name="testGetMonthValue" classname="utils.MonthTest" time="0.0">
    <error message="Cannot invoke &quot;ec.edu.espe.crealtivastudios.model.Month.getMonthValue()&quot; because &quot;instance&quot; is null" type="java.lang.NullPointerException"><![CDATA[java.lang.NullPointerException: Cannot invoke "ec.edu.espe.crealtivastudios.model.Month.getMonthValue()" because "instance" is null
	at utils.MonthTest.testGetMonthValue(MonthTest.java:225)
	at java.base/java.lang.reflect.Method.invoke(Method.java:580)
	at java.base/java.util.ArrayList.forEach(ArrayList.java:1596)
	at java.base/java.util.ArrayList.forEach(ArrayList.java:1596)
]]></error>
    <system-out><![CDATA[getMonthValue
]]></system-out>
  </testcase>
  <testcase name="testGetTotalVideoCalls" classname="utils.MonthTest" time="0.001">
    <error message="Cannot invoke &quot;ec.edu.espe.crealtivastudios.model.Month.getTotalVideoCalls()&quot; because &quot;instance&quot; is null" type="java.lang.NullPointerException"><![CDATA[java.lang.NullPointerException: Cannot invoke "ec.edu.espe.crealtivastudios.model.Month.getTotalVideoCalls()" because "instance" is null
	at utils.MonthTest.testGetTotalVideoCalls(MonthTest.java:135)
	at java.base/java.lang.reflect.Method.invoke(Method.java:580)
	at java.base/java.util.ArrayList.forEach(ArrayList.java:1596)
	at java.base/java.util.ArrayList.forEach(ArrayList.java:1596)
]]></error>
    <system-out><![CDATA[getTotalVideoCalls
]]></system-out>
  </testcase>
  <testcase name="testGetYearMonth" classname="utils.MonthTest" time="0.001">
    <error message="Cannot invoke &quot;ec.edu.espe.crealtivastudios.model.Month.getYearMonth()&quot; because &quot;instance&quot; is null" type="java.lang.NullPointerException"><![CDATA[java.lang.NullPointerException: Cannot invoke "ec.edu.espe.crealtivastudios.model.Month.getYearMonth()" because "instance" is null
	at utils.MonthTest.testGetYearMonth(MonthTest.java:192)
	at java.base/java.lang.reflect.Method.invoke(Method.java:580)
	at java.base/java.util.ArrayList.forEach(ArrayList.java:1596)
	at java.base/java.util.ArrayList.forEach(ArrayList.java:1596)
]]></error>
    <system-out><![CDATA[getYearMonth
]]></system-out>
  </testcase>
  <testcase name="testLoadAllFromSystem" classname="utils.MonthTest" time="0.001">
    <error message="Cannot invoke &quot;ec.edu.espe.crealtivastudios.model.Month.loadAllFromSystem()&quot; because &quot;instance&quot; is null" type="java.lang.NullPointerException"><![CDATA[java.lang.NullPointerException: Cannot invoke "ec.edu.espe.crealtivastudios.model.Month.loadAllFromSystem()" because "instance" is null
	at utils.MonthTest.testLoadAllFromSystem(MonthTest.java:68)
	at java.base/java.lang.reflect.Method.invoke(Method.java:580)
	at java.base/java.util.ArrayList.forEach(ArrayList.java:1596)
	at java.base/java.util.ArrayList.forEach(ArrayList.java:1596)
]]></error>
    <system-out><![CDATA[loadAllFromSystem
]]></system-out>
  </testcase>
  <testcase name="testGetEvents" classname="utils.MonthTest" time="0.0">
    <error message="Cannot invoke &quot;ec.edu.espe.crealtivastudios.model.Month.getEvents()&quot; because &quot;instance&quot; is null" type="java.lang.NullPointerException"><![CDATA[java.lang.NullPointerException: Cannot invoke "ec.edu.espe.crealtivastudios.model.Month.getEvents()" because "instance" is null
	at utils.MonthTest.testGetEvents(MonthTest.java:78)
	at java.base/java.lang.reflect.Method.invoke(Method.java:580)
	at java.base/java.util.ArrayList.forEach(ArrayList.java:1596)
	at java.base/java.util.ArrayList.forEach(ArrayList.java:1596)
]]></error>
    <system-out><![CDATA[getEvents
]]></system-out>
  </testcase>
  <testcase name="testGetVideoCallsByCustomer" classname="utils.MonthTest" time="0.0">
    <error message="Cannot invoke &quot;ec.edu.espe.crealtivastudios.model.Month.getVideoCallsByCustomer(int)&quot; because &quot;instance&quot; is null" type="java.lang.NullPointerException"><![CDATA[java.lang.NullPointerException: Cannot invoke "ec.edu.espe.crealtivastudios.model.Month.getVideoCallsByCustomer(int)" because "instance" is null
	at utils.MonthTest.testGetVideoCallsByCustomer(MonthTest.java:113)
	at java.base/java.lang.reflect.Method.invoke(Method.java:580)
	at java.base/java.util.ArrayList.forEach(ArrayList.java:1596)
	at java.base/java.util.ArrayList.forEach(ArrayList.java:1596)
]]></error>
    <system-out><![CDATA[getVideoCallsByCustomer
]]></system-out>
  </testcase>
  <testcase name="testGetTotalEvents" classname="utils.MonthTest" time="0.0">
    <error message="Cannot invoke &quot;ec.edu.espe.crealtivastudios.model.Month.getTotalEvents()&quot; because &quot;instance&quot; is null" type="java.lang.NullPointerException"><![CDATA[java.lang.NullPointerException: Cannot invoke "ec.edu.espe.crealtivastudios.model.Month.getTotalEvents()" because "instance" is null
	at utils.MonthTest.testGetTotalEvents(MonthTest.java:124)
	at java.base/java.lang.reflect.Method.invoke(Method.java:580)
	at java.base/java.util.ArrayList.forEach(ArrayList.java:1596)
	at java.base/java.util.ArrayList.forEach(ArrayList.java:1596)
]]></error>
    <system-out><![CDATA[getTotalEvents
]]></system-out>
  </testcase>
  <testcase name="testGetVideoCallsByDay" classname="utils.MonthTest" time="0.0">
    <error message="Cannot invoke &quot;ec.edu.espe.crealtivastudios.model.Month.getVideoCallsByDay(int)&quot; because &quot;instance&quot; is null" type="java.lang.NullPointerException"><![CDATA[java.lang.NullPointerException: Cannot invoke "ec.edu.espe.crealtivastudios.model.Month.getVideoCallsByDay(int)" because "instance" is null
	at utils.MonthTest.testGetVideoCallsByDay(MonthTest.java:159)
	at java.base/java.lang.reflect.Method.invoke(Method.java:580)
	at java.base/java.util.ArrayList.forEach(ArrayList.java:1596)
	at java.base/java.util.ArrayList.forEach(ArrayList.java:1596)
]]></error>
    <system-out><![CDATA[getVideoCallsByDay
]]></system-out>
  </testcase>
  <testcase name="testGetEventsByType" classname="utils.MonthTest" time="0.001">
    <error message="Cannot invoke &quot;ec.edu.espe.crealtivastudios.model.Month.getEventsByType(int)&quot; because &quot;instance&quot; is null" type="java.lang.NullPointerException"><![CDATA[java.lang.NullPointerException: Cannot invoke "ec.edu.espe.crealtivastudios.model.Month.getEventsByType(int)" because "instance" is null
	at utils.MonthTest.testGetEventsByType(MonthTest.java:101)
	at java.base/java.lang.reflect.Method.invoke(Method.java:580)
	at java.base/java.util.ArrayList.forEach(ArrayList.java:1596)
	at java.base/java.util.ArrayList.forEach(ArrayList.java:1596)
]]></error>
    <system-out><![CDATA[getEventsByType
]]></system-out>
  </testcase>
  <testcase name="testGetMonthSummary" classname="utils.MonthTest" time="0.001">
    <error message="Cannot invoke &quot;ec.edu.espe.crealtivastudios.model.Month.getMonthSummary()&quot; because &quot;instance&quot; is null" type="java.lang.NullPointerException"><![CDATA[java.lang.NullPointerException: Cannot invoke "ec.edu.espe.crealtivastudios.model.Month.getMonthSummary()" because "instance" is null
	at utils.MonthTest.testGetMonthSummary(MonthTest.java:170)
	at java.base/java.lang.reflect.Method.invoke(Method.java:580)
	at java.base/java.util.ArrayList.forEach(ArrayList.java:1596)
	at java.base/java.util.ArrayList.forEach(ArrayList.java:1596)
]]></error>
    <system-out><![CDATA[getMonthSummary
]]></system-out>
  </testcase>
</testsuite>