<?xml version="1.0" encoding="UTF-8"?>
<testsuite xmlns:xsi="http://www.w3.org/2001/XMLSchema-instance" xsi:noNamespaceSchemaLocation="https://maven.apache.org/surefire/maven-surefire-plugin/xsd/surefire-test-report-3.0.xsd" version="3.0" name="utils.BillTest" time="0.283" tests="32" errors="26" skipped="0" failures="6">
  <properties>
[...]
</properties>
  <testcase name="testCheckImportantDateAlert" classname="utils.BillTest" time="0.043">
    <error message="Cannot invoke &quot;ec.edu.espe.crealtivastudios.model.Bill.checkImportantDateAlert()&quot; because &quot;instance&quot; is null" type="java.lang.NullPointerException"><![CDATA[java.lang.NullPointerException: Cannot invoke "ec.edu.espe.crealtivastudios.model.Bill.checkImportantDateAlert()" because "instance" is null
	at utils.BillTest.testCheckImportantDateAlert(BillTest.java:362)
	at java.base/java.lang.reflect.Method.invoke(Method.java:565)
	at java.base/java.util.ArrayList.forEach(ArrayList.java:1604)
	at java.base/java.util.ArrayList.forEach(ArrayList.java:1604)
]]></error>
    <system-out><![CDATA[checkImportantDateAlert
]]></system-out>
  </testcase>
  <testcase name="testGetNotes" classname="utils.BillTest" time="0.003">
    <error message="Cannot invoke &quot;ec.edu.espe.crealtivastudios.model.Bill.getNotes()&quot; because &quot;instance&quot; is null" type="java.lang.NullPointerException"><![CDATA[java.lang.NullPointerException: Cannot invoke "ec.edu.espe.crealtivastudios.model.Bill.getNotes()" because "instance" is null
	at utils.BillTest.testGetNotes(BillTest.java:301)
	at java.base/java.lang.reflect.Method.invoke(Method.java:565)
	at java.base/java.util.ArrayList.forEach(ArrayList.java:1604)
	at java.base/java.util.ArrayList.forEach(ArrayList.java:1604)
]]></error>
    <system-out><![CDATA[getNotes
]]></system-out>
  </testcase>
  <testcase name="testFindBillsByCustomer" classname="utils.BillTest" time="0.081">
    <failure message="expected: &lt;null&gt; but was: &lt;[]&gt;" type="org.opentest4j.AssertionFailedError"><![CDATA[org.opentest4j.AssertionFailedError: expected: <null> but was: <[]>
	at org.junit.jupiter.api.AssertionFailureBuilder.build(AssertionFailureBuilder.java:151)
	at org.junit.jupiter.api.AssertionFailureBuilder.buildAndThrow(AssertionFailureBuilder.java:132)
	at org.junit.jupiter.api.AssertEquals.failNotEqual(AssertEquals.java:197)
	at org.junit.jupiter.api.AssertEquals.assertEquals(AssertEquals.java:182)
	at org.junit.jupiter.api.AssertEquals.assertEquals(AssertEquals.java:177)
	at org.junit.jupiter.api.Assertions.assertEquals(Assertions.java:1145)
	at utils.BillTest.testFindBillsByCustomer(BillTest.java:146)
	at java.base/java.lang.reflect.Method.invoke(Method.java:565)
	at java.base/java.util.ArrayList.forEach(ArrayList.java:1604)
	at java.base/java.util.ArrayList.forEach(ArrayList.java:1604)
]]></failure>
    <system-out><![CDATA[findBillsByCustomer
]]></system-out>
  </testcase>
  <testcase name="testGetTotalRevenue" classname="utils.BillTest" time="0.003">
    <error message="Not supported yet." type="java.lang.UnsupportedOperationException"><![CDATA[java.lang.UnsupportedOperationException: Not supported yet.
	at ec.edu.espe.crealtivastudios.model.Bill.getTotalRevenue(Bill.java:19)
	at utils.BillTest.testGetTotalRevenue(BillTest.java:41)
	at java.base/java.lang.reflect.Method.invoke(Method.java:565)
	at java.base/java.util.ArrayList.forEach(ArrayList.java:1604)
	at java.base/java.util.ArrayList.forEach(ArrayList.java:1604)
]]></error>
    <system-out><![CDATA[getTotalRevenue
]]></system-out>
  </testcase>
  <testcase name="testSave" classname="utils.BillTest" time="0.004">
    <error message="Cannot invoke &quot;ec.edu.espe.crealtivastudios.model.Bill.save()&quot; because &quot;instance&quot; is null" type="java.lang.NullPointerException"><![CDATA[java.lang.NullPointerException: Cannot invoke "ec.edu.espe.crealtivastudios.model.Bill.save()" because "instance" is null
	at utils.BillTest.testSave(BillTest.java:102)
	at java.base/java.lang.reflect.Method.invoke(Method.java:565)
	at java.base/java.util.ArrayList.forEach(ArrayList.java:1604)
	at java.base/java.util.ArrayList.forEach(ArrayList.java:1604)
]]></error>
    <system-out><![CDATA[save
]]></system-out>
  </testcase>
  <testcase name="testGetPaymentSummary" classname="utils.BillTest" time="0.002">
    <error message="Cannot invoke &quot;ec.edu.espe.crealtivastudios.model.Bill.getPaymentSummary()&quot; because &quot;instance&quot; is null" type="java.lang.NullPointerException"><![CDATA[java.lang.NullPointerException: Cannot invoke "ec.edu.espe.crealtivastudios.model.Bill.getPaymentSummary()" because "instance" is null
	at utils.BillTest.testGetPaymentSummary(BillTest.java:206)
	at java.base/java.lang.reflect.Method.invoke(Method.java:565)
	at java.base/java.util.ArrayList.forEach(ArrayList.java:1604)
	at java.base/java.util.ArrayList.forEach(ArrayList.java:1604)
]]></error>
    <system-out><![CDATA[getPaymentSummary
]]></system-out>
  </testcase>
  <testcase name="testGetAllBills" classname="utils.BillTest" time="0.003">
    <failure message="expected: &lt;null&gt; but was: &lt;[]&gt;" type="org.opentest4j.AssertionFailedError"><![CDATA[org.opentest4j.AssertionFailedError: expected: <null> but was: <[]>
	at org.junit.jupiter.api.AssertionFailureBuilder.build(AssertionFailureBuilder.java:151)
	at org.junit.jupiter.api.AssertionFailureBuilder.buildAndThrow(AssertionFailureBuilder.java:132)
	at org.junit.jupiter.api.AssertEquals.failNotEqual(AssertEquals.java:197)
	at org.junit.jupiter.api.AssertEquals.assertEquals(AssertEquals.java:182)
	at org.junit.jupiter.api.AssertEquals.assertEquals(AssertEquals.java:177)
	at org.junit.jupiter.api.Assertions.assertEquals(Assertions.java:1145)
	at utils.BillTest.testGetAllBills(BillTest.java:124)
	at java.base/java.lang.reflect.Method.invoke(Method.java:565)
	at java.base/java.util.ArrayList.forEach(ArrayList.java:1604)
	at java.base/java.util.ArrayList.forEach(ArrayList.java:1604)
]]></failure>
    <system-out><![CDATA[getAllBills
]]></system-out>
  </testcase>
  <testcase name="testToString" classname="utils.BillTest" time="0.004">
    <error message="Cannot invoke &quot;ec.edu.espe.crealtivastudios.model.Bill.toString()&quot; because &quot;instance&quot; is null" type="java.lang.NullPointerException"><![CDATA[java.lang.NullPointerException: Cannot invoke "ec.edu.espe.crealtivastudios.model.Bill.toString()" because "instance" is null
	at utils.BillTest.testToString(BillTest.java:343)
	at java.base/java.lang.reflect.Method.invoke(Method.java:565)
	at java.base/java.util.ArrayList.forEach(ArrayList.java:1604)
	at java.base/java.util.ArrayList.forEach(ArrayList.java:1604)
]]></error>
    <system-out><![CDATA[toString
]]></system-out>
  </testcase>
  <testcase name="testGetEventId" classname="utils.BillTest" time="0.004">
    <error message="Cannot invoke &quot;ec.edu.espe.crealtivastudios.model.Bill.getEventId()&quot; because &quot;instance&quot; is null" type="java.lang.NullPointerException"><![CDATA[java.lang.NullPointerException: Cannot invoke "ec.edu.espe.crealtivastudios.model.Bill.getEventId()" because "instance" is null
	at utils.BillTest.testGetEventId(BillTest.java:259)
	at java.base/java.lang.reflect.Method.invoke(Method.java:565)
	at java.base/java.util.ArrayList.forEach(ArrayList.java:1604)
	at java.base/java.util.ArrayList.forEach(ArrayList.java:1604)
]]></error>
    <system-out><![CDATA[getEventId
]]></system-out>
  </testcase>
  <testcase name="testConfirmPayment" classname="utils.BillTest" time="0.001">
    <error message="Cannot invoke &quot;ec.edu.espe.crealtivastudios.model.Bill.confirmPayment()&quot; because &quot;instance&quot; is null" type="java.lang.NullPointerException"><![CDATA[java.lang.NullPointerException: Cannot invoke "ec.edu.espe.crealtivastudios.model.Bill.confirmPayment()" because "instance" is null
	at utils.BillTest.testConfirmPayment(BillTest.java:61)
	at java.base/java.lang.reflect.Method.invoke(Method.java:565)
	at java.base/java.util.ArrayList.forEach(ArrayList.java:1604)
	at java.base/java.util.ArrayList.forEach(ArrayList.java:1604)
]]></error>
    <system-out><![CDATA[confirmPayment
]]></system-out>
  </testcase>
  <testcase name="testFindPendingBills" classname="utils.BillTest" time="0.002">
    <failure message="expected: &lt;null&gt; but was: &lt;[]&gt;" type="org.opentest4j.AssertionFailedError"><![CDATA[org.opentest4j.AssertionFailedError: expected: <null> but was: <[]>
	at org.junit.jupiter.api.AssertionFailureBuilder.build(AssertionFailureBuilder.java:151)
	at org.junit.jupiter.api.AssertionFailureBuilder.buildAndThrow(AssertionFailureBuilder.java:132)
	at org.junit.jupiter.api.AssertEquals.failNotEqual(AssertEquals.java:197)
	at org.junit.jupiter.api.AssertEquals.assertEquals(AssertEquals.java:182)
	at org.junit.jupiter.api.AssertEquals.assertEquals(AssertEquals.java:177)
	at org.junit.jupiter.api.Assertions.assertEquals(Assertions.java:1145)
	at utils.BillTest.testFindPendingBills(BillTest.java:156)
	at java.base/java.lang.reflect.Method.invoke(Method.java:565)
	at java.base/java.util.ArrayList.forEach(ArrayList.java:1604)
	at java.base/java.util.ArrayList.forEach(ArrayList.java:1604)
]]></failure>
    <system-out><![CDATA[findPendingBills
]]></system-out>
  </testcase>
  <testcase name="testMarkAsPending" classname="utils.BillTest" time="0.002">
    <error message="Cannot invoke &quot;ec.edu.espe.crealtivastudios.model.Bill.markAsPending()&quot; because &quot;instance&quot; is null" type="java.lang.NullPointerException"><![CDATA[java.lang.NullPointerException: Cannot invoke "ec.edu.espe.crealtivastudios.model.Bill.markAsPending()" because "instance" is null
	at utils.BillTest.testMarkAsPending(BillTest.java:70)
	at java.base/java.lang.reflect.Method.invoke(Method.java:565)
	at java.base/java.util.ArrayList.forEach(ArrayList.java:1604)
	at java.base/java.util.ArrayList.forEach(ArrayList.java:1604)
]]></error>
    <system-out><![CDATA[markAsPending
]]></system-out>
  </testcase>
  <testcase name="testIsPending" classname="utils.BillTest" time="0.001">
    <error message="Cannot invoke &quot;ec.edu.espe.crealtivastudios.model.Bill.isPending()&quot; because &quot;instance&quot; is null" type="java.lang.NullPointerException"><![CDATA[java.lang.NullPointerException: Cannot invoke "ec.edu.espe.crealtivastudios.model.Bill.isPending()" because "instance" is null
	at utils.BillTest.testIsPending(BillTest.java:91)
	at java.base/java.lang.reflect.Method.invoke(Method.java:565)
	at java.base/java.util.ArrayList.forEach(ArrayList.java:1604)
	at java.base/java.util.ArrayList.forEach(ArrayList.java:1604)
]]></error>
    <system-out><![CDATA[isPending
]]></system-out>
  </testcase>
  <testcase name="testDisplayBillInfo" classname="utils.BillTest" time="0.003">
    <error message="Cannot invoke &quot;ec.edu.espe.crealtivastudios.model.Bill.displayBillInfo()&quot; because &quot;instance&quot; is null" type="java.lang.NullPointerException"><![CDATA[java.lang.NullPointerException: Cannot invoke "ec.edu.espe.crealtivastudios.model.Bill.displayBillInfo()" because "instance" is null
	at utils.BillTest.testDisplayBillInfo(BillTest.java:353)
	at java.base/java.lang.reflect.Method.invoke(Method.java:565)
	at java.base/java.util.ArrayList.forEach(ArrayList.java:1604)
	at java.base/java.util.ArrayList.forEach(ArrayList.java:1604)
]]></error>
    <system-out><![CDATA[displayBillInfo
]]></system-out>
  </testcase>
  <testcase name="testGetCustomerId" classname="utils.BillTest" time="0.002">
    <error message="Cannot invoke &quot;ec.edu.espe.crealtivastudios.model.Bill.getCustomerId()&quot; because &quot;instance&quot; is null" type="java.lang.NullPointerException"><![CDATA[java.lang.NullPointerException: Cannot invoke "ec.edu.espe.crealtivastudios.model.Bill.getCustomerId()" because "instance" is null
	at utils.BillTest.testGetCustomerId(BillTest.java:238)
	at java.base/java.lang.reflect.Method.invoke(Method.java:565)
	at java.base/java.util.ArrayList.forEach(ArrayList.java:1604)
	at java.base/java.util.ArrayList.forEach(ArrayList.java:1604)
]]></error>
    <system-out><![CDATA[getCustomerId
]]></system-out>
  </testcase>
  <testcase name="testIsIsPaid" classname="utils.BillTest" time="0.001">
    <error message="Cannot invoke &quot;ec.edu.espe.crealtivastudios.model.Bill.isIsPaid()&quot; because &quot;instance&quot; is null" type="java.lang.NullPointerException"><![CDATA[java.lang.NullPointerException: Cannot invoke "ec.edu.espe.crealtivastudios.model.Bill.isIsPaid()" because "instance" is null
	at utils.BillTest.testIsIsPaid(BillTest.java:280)
	at java.base/java.lang.reflect.Method.invoke(Method.java:565)
	at java.base/java.util.ArrayList.forEach(ArrayList.java:1604)
	at java.base/java.util.ArrayList.forEach(ArrayList.java:1604)
]]></error>
    <system-out><![CDATA[isIsPaid
]]></system-out>
  </testcase>
  <testcase name="testFindPaidBills" classname="utils.BillTest" time="0.003">
    <failure message="expected: &lt;null&gt; but was: &lt;[]&gt;" type="org.opentest4j.AssertionFailedError"><![CDATA[org.opentest4j.AssertionFailedError: expected: <null> but was: <[]>
	at org.junit.jupiter.api.AssertionFailureBuilder.build(AssertionFailureBuilder.java:151)
	at org.junit.jupiter.api.AssertionFailureBuilder.buildAndThrow(AssertionFailureBuilder.java:132)
	at org.junit.jupiter.api.AssertEquals.failNotEqual(AssertEquals.java:197)
	at org.junit.jupiter.api.AssertEquals.assertEquals(AssertEquals.java:182)
	at org.junit.jupiter.api.AssertEquals.assertEquals(AssertEquals.java:177)
	at org.junit.jupiter.api.Assertions.assertEquals(Assertions.java:1145)
	at utils.BillTest.testFindPaidBills(BillTest.java:166)
	at java.base/java.lang.reflect.Method.invoke(Method.java:565)
	at java.base/java.util.ArrayList.forEach(ArrayList.java:1604)
	at java.base/java.util.ArrayList.forEach(ArrayList.java:1604)
]]></failure>
    <system-out><![CDATA[findPaidBills
]]></system-out>
  </testcase>
  <testcase name="testSetAmount" classname="utils.BillTest" time="0.002">
    <error message="Cannot invoke &quot;ec.edu.espe.crealtivastudios.model.Bill.setAmount(double)&quot; because &quot;instance&quot; is null" type="java.lang.NullPointerException"><![CDATA[java.lang.NullPointerException: Cannot invoke "ec.edu.espe.crealtivastudios.model.Bill.setAmount(double)" because "instance" is null
	at utils.BillTest.testSetAmount(BillTest.java:333)
	at java.base/java.lang.reflect.Method.invoke(Method.java:565)
	at java.base/java.util.ArrayList.forEach(ArrayList.java:1604)
	at java.base/java.util.ArrayList.forEach(ArrayList.java:1604)
]]></error>
    <system-out><![CDATA[setAmount
]]></system-out>
  </testcase>
  <testcase name="testSetBillId" classname="utils.BillTest" time="0.003">
    <error message="Cannot invoke &quot;ec.edu.espe.crealtivastudios.model.Bill.setBillId(int)&quot; because &quot;instance&quot; is null" type="java.lang.NullPointerException"><![CDATA[java.lang.NullPointerException: Cannot invoke "ec.edu.espe.crealtivastudios.model.Bill.setBillId(int)" because "instance" is null
	at utils.BillTest.testSetBillId(BillTest.java:228)
	at java.base/java.lang.reflect.Method.invoke(Method.java:565)
	at java.base/java.util.ArrayList.forEach(ArrayList.java:1604)
	at java.base/java.util.ArrayList.forEach(ArrayList.java:1604)
]]></error>
    <system-out><![CDATA[setBillId
]]></system-out>
  </testcase>
  <testcase name="testSetCustomerId" classname="utils.BillTest" time="0.002">
    <error message="Cannot invoke &quot;ec.edu.espe.crealtivastudios.model.Bill.setCustomerId(int)&quot; because &quot;instance&quot; is null" type="java.lang.NullPointerException"><![CDATA[java.lang.NullPointerException: Cannot invoke "ec.edu.espe.crealtivastudios.model.Bill.setCustomerId(int)" because "instance" is null
	at utils.BillTest.testSetCustomerId(BillTest.java:249)
	at java.base/java.lang.reflect.Method.invoke(Method.java:565)
	at java.base/java.util.ArrayList.forEach(ArrayList.java:1604)
	at java.base/java.util.ArrayList.forEach(ArrayList.java:1604)
]]></error>
    <system-out><![CDATA[setCustomerId
]]></system-out>
  </testcase>
  <testcase name="testSetEventId" classname="utils.BillTest" time="0.002">
    <error message="Cannot invoke &quot;ec.edu.espe.crealtivastudios.model.Bill.setEventId(int)&quot; because &quot;instance&quot; is null" type="java.lang.NullPointerException"><![CDATA[java.lang.NullPointerException: Cannot invoke "ec.edu.espe.crealtivastudios.model.Bill.setEventId(int)" because "instance" is null
	at utils.BillTest.testSetEventId(BillTest.java:270)
	at java.base/java.lang.reflect.Method.invoke(Method.java:565)
	at java.base/java.util.ArrayList.forEach(ArrayList.java:1604)
	at java.base/java.util.ArrayList.forEach(ArrayList.java:1604)
]]></error>
    <system-out><![CDATA[setEventId
]]></system-out>
  </testcase>
  <testcase name="testGetAmount" classname="utils.BillTest" time="0.002">
    <error message="Cannot invoke &quot;ec.edu.espe.crealtivastudios.model.Bill.getAmount()&quot; because &quot;instance&quot; is null" type="java.lang.NullPointerException"><![CDATA[java.lang.NullPointerException: Cannot invoke "ec.edu.espe.crealtivastudios.model.Bill.getAmount()" because "instance" is null
	at utils.BillTest.testGetAmount(BillTest.java:322)
	at java.base/java.lang.reflect.Method.invoke(Method.java:565)
	at java.base/java.util.ArrayList.forEach(ArrayList.java:1604)
	at java.base/java.util.ArrayList.forEach(ArrayList.java:1604)
]]></error>
    <system-out><![CDATA[getAmount
]]></system-out>
  </testcase>
  <testcase name="testConfirmPaymentStatus" classname="utils.BillTest" time="0.002">
    <error message="Cannot invoke &quot;ec.edu.espe.crealtivastudios.model.Bill.confirmPaymentStatus()&quot; because &quot;instance&quot; is null" type="java.lang.NullPointerException"><![CDATA[java.lang.NullPointerException: Cannot invoke "ec.edu.espe.crealtivastudios.model.Bill.confirmPaymentStatus()" because "instance" is null
	at utils.BillTest.testConfirmPaymentStatus(BillTest.java:184)
	at java.base/java.lang.reflect.Method.invoke(Method.java:565)
	at java.base/java.util.ArrayList.forEach(ArrayList.java:1604)
	at java.base/java.util.ArrayList.forEach(ArrayList.java:1604)
]]></error>
    <system-out><![CDATA[confirmPaymentStatus
]]></system-out>
  </testcase>
  <testcase name="testSetIsPaid" classname="utils.BillTest" time="0.002">
    <error message="Cannot invoke &quot;ec.edu.espe.crealtivastudios.model.Bill.setIsPaid(boolean)&quot; because &quot;instance&quot; is null" type="java.lang.NullPointerException"><![CDATA[java.lang.NullPointerException: Cannot invoke "ec.edu.espe.crealtivastudios.model.Bill.setIsPaid(boolean)" because "instance" is null
	at utils.BillTest.testSetIsPaid(BillTest.java:291)
	at java.base/java.lang.reflect.Method.invoke(Method.java:565)
	at java.base/java.util.ArrayList.forEach(ArrayList.java:1604)
	at java.base/java.util.ArrayList.forEach(ArrayList.java:1604)
]]></error>
    <system-out><![CDATA[setIsPaid
]]></system-out>
  </testcase>
  <testcase name="testGetBillId" classname="utils.BillTest" time="0.003">
    <error message="Cannot invoke &quot;ec.edu.espe.crealtivastudios.model.Bill.getBillId()&quot; because &quot;instance&quot; is null" type="java.lang.NullPointerException"><![CDATA[java.lang.NullPointerException: Cannot invoke "ec.edu.espe.crealtivastudios.model.Bill.getBillId()" because "instance" is null
	at utils.BillTest.testGetBillId(BillTest.java:217)
	at java.base/java.lang.reflect.Method.invoke(Method.java:565)
	at java.base/java.util.ArrayList.forEach(ArrayList.java:1604)
	at java.base/java.util.ArrayList.forEach(ArrayList.java:1604)
]]></error>
    <system-out><![CDATA[getBillId
]]></system-out>
  </testcase>
  <testcase name="testDelete" classname="utils.BillTest" time="0.002">
    <error message="Cannot invoke &quot;ec.edu.espe.crealtivastudios.model.Bill.delete()&quot; because &quot;instance&quot; is null" type="java.lang.NullPointerException"><![CDATA[java.lang.NullPointerException: Cannot invoke "ec.edu.espe.crealtivastudios.model.Bill.delete()" because "instance" is null
	at utils.BillTest.testDelete(BillTest.java:113)
	at java.base/java.lang.reflect.Method.invoke(Method.java:565)
	at java.base/java.util.ArrayList.forEach(ArrayList.java:1604)
	at java.base/java.util.ArrayList.forEach(ArrayList.java:1604)
]]></error>
    <system-out><![CDATA[delete
]]></system-out>
  </testcase>
  <testcase name="testShowPendingPayment" classname="utils.BillTest" time="0.002">
    <error message="Cannot invoke &quot;ec.edu.espe.crealtivastudios.model.Bill.showPendingPayment()&quot; because &quot;instance&quot; is null" type="java.lang.NullPointerException"><![CDATA[java.lang.NullPointerException: Cannot invoke "ec.edu.espe.crealtivastudios.model.Bill.showPendingPayment()" because "instance" is null
	at utils.BillTest.testShowPendingPayment(BillTest.java:195)
	at java.base/java.lang.reflect.Method.invoke(Method.java:565)
	at java.base/java.util.ArrayList.forEach(ArrayList.java:1604)
	at java.base/java.util.ArrayList.forEach(ArrayList.java:1604)
]]></error>
    <system-out><![CDATA[showPendingPayment
]]></system-out>
  </testcase>
  <testcase name="testGetTotalPending" classname="utils.BillTest" time="0.002">
    <error message="Not supported yet." type="java.lang.UnsupportedOperationException"><![CDATA[java.lang.UnsupportedOperationException: Not supported yet.
	at ec.edu.espe.crealtivastudios.model.Bill.getTotalPending(Bill.java:23)
	at utils.BillTest.testGetTotalPending(BillTest.java:51)
	at java.base/java.lang.reflect.Method.invoke(Method.java:565)
	at java.base/java.util.ArrayList.forEach(ArrayList.java:1604)
	at java.base/java.util.ArrayList.forEach(ArrayList.java:1604)
]]></error>
    <system-out><![CDATA[getTotalPending
]]></system-out>
  </testcase>
  <testcase name="testIsPaid" classname="utils.BillTest" time="0.001">
    <error message="Cannot invoke &quot;ec.edu.espe.crealtivastudios.model.Bill.isPaid()&quot; because &quot;instance&quot; is null" type="java.lang.NullPointerException"><![CDATA[java.lang.NullPointerException: Cannot invoke "ec.edu.espe.crealtivastudios.model.Bill.isPaid()" because "instance" is null
	at utils.BillTest.testIsPaid(BillTest.java:80)
	at java.base/java.lang.reflect.Method.invoke(Method.java:565)
	at java.base/java.util.ArrayList.forEach(ArrayList.java:1604)
	at java.base/java.util.ArrayList.forEach(ArrayList.java:1604)
]]></error>
    <system-out><![CDATA[isPaid
]]></system-out>
  </testcase>
  <testcase name="testReloadFromJson" classname="utils.BillTest" time="0.001">
    <failure message="The test case is a prototype." type="org.opentest4j.AssertionFailedError"><![CDATA[org.opentest4j.AssertionFailedError: The test case is a prototype.
	at org.junit.jupiter.api.AssertionUtils.fail(AssertionUtils.java:38)
	at org.junit.jupiter.api.Assertions.fail(Assertions.java:138)
	at utils.BillTest.testReloadFromJson(BillTest.java:176)
	at java.base/java.lang.reflect.Method.invoke(Method.java:565)
	at java.base/java.util.ArrayList.forEach(ArrayList.java:1604)
	at java.base/java.util.ArrayList.forEach(ArrayList.java:1604)
]]></failure>
    <system-out><![CDATA[reloadFromJson
]]></system-out>
  </testcase>
  <testcase name="testFindBillById" classname="utils.BillTest" time="0.003">
    <failure message="The test case is a prototype." type="org.opentest4j.AssertionFailedError"><![CDATA[org.opentest4j.AssertionFailedError: The test case is a prototype.
	at org.junit.jupiter.api.AssertionUtils.fail(AssertionUtils.java:38)
	at org.junit.jupiter.api.Assertions.fail(Assertions.java:138)
	at utils.BillTest.testFindBillById(BillTest.java:137)
	at java.base/java.lang.reflect.Method.invoke(Method.java:565)
	at java.base/java.util.ArrayList.forEach(ArrayList.java:1604)
	at java.base/java.util.ArrayList.forEach(ArrayList.java:1604)
]]></failure>
    <system-out><![CDATA[findBillById
]]></system-out>
  </testcase>
  <testcase name="testSetNotes" classname="utils.BillTest" time="0.002">
    <error message="Cannot invoke &quot;ec.edu.espe.crealtivastudios.model.Bill.setNotes(String)&quot; because &quot;instance&quot; is null" type="java.lang.NullPointerException"><![CDATA[java.lang.NullPointerException: Cannot invoke "ec.edu.espe.crealtivastudios.model.Bill.setNotes(String)" because "instance" is null
	at utils.BillTest.testSetNotes(BillTest.java:312)
	at java.base/java.lang.reflect.Method.invoke(Method.java:565)
	at java.base/java.util.ArrayList.forEach(ArrayList.java:1604)
	at java.base/java.util.ArrayList.forEach(ArrayList.java:1604)
]]></error>
    <system-out><![CDATA[setNotes
]]></system-out>
  </testcase>
</testsuite>