<?xml version="1.0" encoding="UTF-8"?>
<testsuite xmlns:xsi="http://www.w3.org/2001/XMLSchema-instance" xsi:noNamespaceSchemaLocation="https://maven.apache.org/surefire/maven-surefire-plugin/xsd/surefire-test-report-3.0.xsd" version="3.0" name="utils.CalendarTest" time="0.038" tests="3" errors="3" skipped="0" failures="0">
  <properties>
[...]
</properties>
  <testcase name="testGetFullSchedule" classname="utils.CalendarTest" time="0.031">
    <error message="text" type="java.lang.NullPointerException"><![CDATA[java.lang.NullPointerException: text
	at java.base/java.util.Objects.requireNonNull(Objects.java:246)
	at java.base/java.time.format.DateTimeFormatter.parse(DateTimeFormatter.java:2007)
	at java.base/java.time.LocalDate.parse(LocalDate.java:435)
	at java.base/java.time.LocalDate.parse(LocalDate.java:420)
	at ec.edu.espe.crealtivastudios.model.Calendar.getFullSchedule(Calendar.java:28)
	at utils.CalendarTest.testGetFullSchedule(CalendarTest.java:43)
	at java.base/java.lang.reflect.Method.invoke(Method.java:565)
	at java.base/java.util.ArrayList.forEach(ArrayList.java:1604)
	at java.base/java.util.ArrayList.forEach(ArrayList.java:1604)
]]></error>
    <system-out><![CDATA[getFullSchedule
]]></system-out>
  </testcase>
  <testcase name="testPrintFullCalendar" classname="utils.CalendarTest" time="0.002">
    <error message="text" type="java.lang.NullPointerException"><![CDATA[java.lang.NullPointerException: text
	at java.base/java.util.Objects.requireNonNull(Objects.java:246)
	at java.base/java.time.format.DateTimeFormatter.parse(DateTimeFormatter.java:2007)
	at java.base/java.time.LocalDate.parse(LocalDate.java:435)
	at java.base/java.time.LocalDate.parse(LocalDate.java:420)
	at ec.edu.espe.crealtivastudios.model.Calendar.getFullSchedule(Calendar.java:28)
	at ec.edu.espe.crealtivastudios.model.Calendar.printFullCalendar(Calendar.java:89)
	at utils.CalendarTest.testPrintFullCalendar(CalendarTest.java:63)
	at java.base/java.lang.reflect.Method.invoke(Method.java:565)
	at java.base/java.util.ArrayList.forEach(ArrayList.java:1604)
	at java.base/java.util.ArrayList.forEach(ArrayList.java:1604)
]]></error>
    <system-out><![CDATA[printFullCalendar
]]></system-out>
  </testcase>
  <testcase name="testPrintMonthlySchedule" classname="utils.CalendarTest" time="0.002">
    <error message="text" type="java.lang.NullPointerException"><![CDATA[java.lang.NullPointerException: text
	at java.base/java.util.Objects.requireNonNull(Objects.java:246)
	at java.base/java.time.format.DateTimeFormatter.parse(DateTimeFormatter.java:2007)
	at java.base/java.time.LocalDate.parse(LocalDate.java:435)
	at java.base/java.time.LocalDate.parse(LocalDate.java:420)
	at ec.edu.espe.crealtivastudios.model.Calendar.getFullSchedule(Calendar.java:28)
	at ec.edu.espe.crealtivastudios.model.Calendar.printMonthlySchedule(Calendar.java:75)
	at utils.CalendarTest.testPrintMonthlySchedule(CalendarTest.java:54)
	at java.base/java.lang.reflect.Method.invoke(Method.java:565)
	at java.base/java.util.ArrayList.forEach(ArrayList.java:1604)
	at java.base/java.util.ArrayList.forEach(ArrayList.java:1604)
]]></error>
    <system-out><![CDATA[printMonthlySchedule
]]></system-out>
  </testcase>
</testsuite>