<?xml version="1.0" encoding="UTF-8"?>
<testsuite xmlns:xsi="http://www.w3.org/2001/XMLSchema-instance" xsi:noNamespaceSchemaLocation="https://maven.apache.org/surefire/maven-surefire-plugin/xsd/surefire-test-report-3.0.xsd" version="3.0" name="utils.EquipmentTest" time="0.083" tests="20" errors="2" skipped="0" failures="18">
  <properties>
[...]
</properties>
  <testcase name="testFindByStatus" classname="utils.EquipmentTest" time="0.018">
    <error message="Cannot invoke &quot;String.equalsIgnoreCase(String)&quot; because the return value of &quot;ec.edu.espe.crealtivastudios.model.Equipment.getStatus()&quot; is null" type="java.lang.NullPointerException"><![CDATA[java.lang.NullPointerException: Cannot invoke "String.equalsIgnoreCase(String)" because the return value of "ec.edu.espe.crealtivastudios.model.Equipment.getStatus()" is null
	at ec.edu.espe.crealtivastudios.model.Equipment.lambda$findByStatus$0(Equipment.java:95)
	at java.base/java.util.stream.ReferencePipeline$2$1.accept(ReferencePipeline.java:196)
	at java.base/java.util.ArrayList$ArrayListSpliterator.forEachRemaining(ArrayList.java:1716)
	at java.base/java.util.stream.AbstractPipeline.copyInto(AbstractPipeline.java:570)
	at java.base/java.util.stream.AbstractPipeline.wrapAndCopyInto(AbstractPipeline.java:560)
	at java.base/java.util.stream.AbstractPipeline.evaluate(AbstractPipeline.java:636)
	at java.base/java.util.stream.AbstractPipeline.evaluateToArrayNode(AbstractPipeline.java:291)
	at java.base/java.util.stream.ReferencePipeline.toArray(ReferencePipeline.java:656)
	at java.base/java.util.stream.ReferencePipeline.toArray(ReferencePipeline.java:662)
	at java.base/java.util.stream.ReferencePipeline.toList(ReferencePipeline.java:667)
	at ec.edu.espe.crealtivastudios.model.Equipment.findByStatus(Equipment.java:96)
	at utils.EquipmentTest.testFindByStatus(EquipmentTest.java:120)
	at java.base/java.lang.reflect.Method.invoke(Method.java:565)
	at java.base/java.util.ArrayList.forEach(ArrayList.java:1604)
	at java.base/java.util.ArrayList.forEach(ArrayList.java:1604)
]]></error>
    <system-out><![CDATA[findByStatus
]]></system-out>
  </testcase>
  <testcase name="testSave" classname="utils.EquipmentTest" time="0.01">
    <failure message="expected: &lt;false&gt; but was: &lt;true&gt;" type="org.opentest4j.AssertionFailedError"><![CDATA[org.opentest4j.AssertionFailedError: expected: <false> but was: <true>
	at org.junit.jupiter.api.AssertionFailureBuilder.build(AssertionFailureBuilder.java:151)
	at org.junit.jupiter.api.AssertionFailureBuilder.buildAndThrow(AssertionFailureBuilder.java:132)
	at org.junit.jupiter.api.AssertEquals.failNotEqual(AssertEquals.java:197)
	at org.junit.jupiter.api.AssertEquals.assertEquals(AssertEquals.java:182)
	at org.junit.jupiter.api.AssertEquals.assertEquals(AssertEquals.java:177)
	at org.junit.jupiter.api.Assertions.assertEquals(Assertions.java:1145)
	at utils.EquipmentTest.testSave(EquipmentTest.java:43)
	at java.base/java.lang.reflect.Method.invoke(Method.java:565)
	at java.base/java.util.ArrayList.forEach(ArrayList.java:1604)
	at java.base/java.util.ArrayList.forEach(ArrayList.java:1604)
]]></failure>
    <system-out><![CDATA[save
]]></system-out>
  </testcase>
  <testcase name="testSetDescription" classname="utils.EquipmentTest" time="0.001">
    <failure message="The test case is a prototype." type="org.opentest4j.AssertionFailedError"><![CDATA[org.opentest4j.AssertionFailedError: The test case is a prototype.
	at org.junit.jupiter.api.AssertionUtils.fail(AssertionUtils.java:38)
	at org.junit.jupiter.api.Assertions.fail(Assertions.java:138)
	at utils.EquipmentTest.testSetDescription(EquipmentTest.java:186)
	at java.base/java.lang.reflect.Method.invoke(Method.java:565)
	at java.base/java.util.ArrayList.forEach(ArrayList.java:1604)
	at java.base/java.util.ArrayList.forEach(ArrayList.java:1604)
]]></failure>
    <system-out><![CDATA[setDescription
]]></system-out>
  </testcase>
  <testcase name="testToString" classname="utils.EquipmentTest" time="0.005">
    <failure message="expected: &lt;&gt; but was: &lt;--------------------------------------&#10;| ID Equipo:	0&#10;| Nombre:	null&#10;| Descripcion:	null&#10;| Estado:	null&#10;--------------------------------------&gt;" type="org.opentest4j.AssertionFailedError"><![CDATA[org.opentest4j.AssertionFailedError: 
expected: <> but was: <--------------------------------------
| ID Equipo:	0
| Nombre:	null
| Descripcion:	null
| Estado:	null
-------------------------------------->
	at org.junit.jupiter.api.AssertionFailureBuilder.build(AssertionFailureBuilder.java:151)
	at org.junit.jupiter.api.AssertionFailureBuilder.buildAndThrow(AssertionFailureBuilder.java:132)
	at org.junit.jupiter.api.AssertEquals.failNotEqual(AssertEquals.java:197)
	at org.junit.jupiter.api.AssertEquals.assertEquals(AssertEquals.java:182)
	at org.junit.jupiter.api.AssertEquals.assertEquals(AssertEquals.java:177)
	at org.junit.jupiter.api.Assertions.assertEquals(Assertions.java:1145)
	at utils.EquipmentTest.testToString(EquipmentTest.java:238)
	at java.base/java.lang.reflect.Method.invoke(Method.java:565)
	at java.base/java.util.ArrayList.forEach(ArrayList.java:1604)
	at java.base/java.util.ArrayList.forEach(ArrayList.java:1604)
]]></failure>
    <system-out><![CDATA[toString
]]></system-out>
  </testcase>
  <testcase name="testGetAllEquipment" classname="utils.EquipmentTest" time="0.001">
    <failure message="expected: &lt;null&gt; but was: &lt;[--------------------------------------&#10;| ID Equipo:	1&#10;| Nombre:	null&#10;| Descripcion:	null&#10;| Estado:	null&#10;--------------------------------------, --------------------------------------&#10;| ID Equipo:	2&#10;| Nombre:	null&#10;| Descripcion:	null&#10;| Estado:	Disponible&#10;--------------------------------------, --------------------------------------&#10;| ID Equipo:	3&#10;| Nombre:	null&#10;| Descripcion:	null&#10;| Estado:	Mantenimiento&#10;--------------------------------------, --------------------------------------&#10;| ID Equipo:	4&#10;| Nombre:	null&#10;| Descripcion:	null&#10;| Estado:	En Uso&#10;--------------------------------------, --------------------------------------&#10;| ID Equipo:	7&#10;| Nombre:	Camera EOS R5&#10;| Descripcion:	Cámara Profesional Canon&#10;| Estado:	Disponible&#10;--------------------------------------, --------------------------------------&#10;| ID Equipo:	8&#10;| Nombre:	Camera EOS R5&#10;| Descripcion:	Cámara Profesional Canon&#10;| Estado:	Disponible&#10;--------------------------------------, --------------------------------------&#10;| ID Equipo:	9&#10;| Nombre:	Camera EOS R5&#10;| Descripcion:	Cámara Profesional Canon&#10;| Estado:	Disponible&#10;--------------------------------------, --------------------------------------&#10;| ID Equipo:	10&#10;| Nombre:	Camera EOS R5&#10;| Descripcion:	Cámara Profesional Canon&#10;| Estado:	Disponible&#10;--------------------------------------, --------------------------------------&#10;| ID Equipo:	11&#10;| Nombre:	Camera EOS R5&#10;| Descripcion:	Cámara Profesional Canon&#10;| Estado:	Disponible&#10;--------------------------------------, --------------------------------------&#10;| ID Equipo:	12&#10;| Nombre:	Camera EOS R5&#10;| Descripcion:	Cámara Profesional Canon&#10;| Estado:	Disponible&#10;--------------------------------------, --------------------------------------&#10;| ID Equipo:	13&#10;| Nombre:	Camera EOS R5&#10;| Descripcion:	Cámara Profesional Canon&#10;| Estado:	Disponible&#10;--------------------------------------, --------------------------------------&#10;| ID Equipo:	14&#10;| Nombre:	Camera EOS R5&#10;| Descripcion:	Cámara Profesional Canon&#10;| Estado:	Disponible&#10;--------------------------------------, --------------------------------------&#10;| ID Equipo:	15&#10;| Nombre:	Camera EOS R5&#10;| Descripcion:	Cámara Profesional Canon&#10;| Estado:	Disponible&#10;--------------------------------------, --------------------------------------&#10;| ID Equipo:	16&#10;| Nombre:	Camera EOS R5&#10;| Descripcion:	Cámara Profesional Canon&#10;| Estado:	Disponible&#10;--------------------------------------, --------------------------------------&#10;| ID Equipo:	17&#10;| Nombre:	Camera EOS R5&#10;| Descripcion:	Cámara Profesional Canon&#10;| Estado:	Disponible&#10;--------------------------------------, --------------------------------------&#10;| ID Equipo:	18&#10;| Nombre:	Camera EOS R5&#10;| Descripcion:	Cámara Profesional Canon&#10;| Estado:	Disponible&#10;--------------------------------------, --------------------------------------&#10;| ID Equipo:	19&#10;| Nombre:	Camera EOS R5&#10;| Descripcion:	Cámara Profesional Canon&#10;| Estado:	Disponible&#10;--------------------------------------, --------------------------------------&#10;| ID Equipo:	20&#10;| Nombre:	Camera EOS R5&#10;| Descripcion:	Cámara Profesional Canon&#10;| Estado:	Disponible&#10;--------------------------------------, --------------------------------------&#10;| ID Equipo:	21&#10;| Nombre:	Camera EOS R5&#10;| Descripcion:	Cámara Profesional Canon&#10;| Estado:	Disponible&#10;--------------------------------------, --------------------------------------&#10;| ID Equipo:	22&#10;| Nombre:	Camera EOS R5&#10;| Descripcion:	Cámara Profesional Canon&#10;| Estado:	Disponible&#10;--------------------------------------, --------------------------------------&#10;| ID Equipo:	23&#10;| Nombre:	Camera EOS R5&#10;| Descripcion:	Cámara Profesional Canon&#10;| Estado:	Disponible&#10;--------------------------------------, --------------------------------------&#10;| ID Equipo:	24&#10;| Nombre:	Softbox 90cm&#10;| Descripcion:	Iluminación Suave&#10;| Estado:	Disponible&#10;--------------------------------------, --------------------------------------&#10;| ID Equipo:	25&#10;| Nombre:	Softbox 90cm&#10;| Descripcion:	Iluminación Suave&#10;| Estado:	Disponible&#10;--------------------------------------, --------------------------------------&#10;| ID Equipo:	26&#10;| Nombre:	Softbox 90cm&#10;| Descripcion:	Iluminación Suave&#10;| Estado:	Disponible&#10;--------------------------------------, --------------------------------------&#10;| ID Equipo:	27&#10;| Nombre:	Softbox 90cm&#10;| Descripcion:	Iluminación Suave&#10;| Estado:	Disponible&#10;--------------------------------------, --------------------------------------&#10;| ID Equipo:	28&#10;| Nombre:	Softbox 90cm&#10;| Descripcion:	Iluminación Suave&#10;| Estado:	Disponible&#10;--------------------------------------, --------------------------------------&#10;| ID Equipo:	29&#10;| Nombre:	Camera EOS R5&#10;| Descripcion:	Cámara Profesional Canon&#10;| Estado:	Disponible&#10;--------------------------------------, --------------------------------------&#10;| ID Equipo:	30&#10;| Nombre:	Tripod PRO X&#10;| Descripcion:	Trípode de Aluminio&#10;| Estado:	Disponible&#10;--------------------------------------, --------------------------------------&#10;| ID Equipo:	31&#10;| Nombre:	Microphone Shotgun&#10;| Descripcion:	Micrófono Direccional&#10;| Estado:	Disponible&#10;--------------------------------------, --------------------------------------&#10;| ID Equipo:	32&#10;| Nombre:	Tripod PRO X&#10;| Descripcion:	Trípode de Aluminio&#10;| Estado:	Disponible&#10;--------------------------------------, --------------------------------------&#10;| ID Equipo:	33&#10;| Nombre:	LED Light Panel&#10;| Descripcion:	Iluminación Suave&#10;| Estado:	Disponible&#10;--------------------------------------, --------------------------------------&#10;| ID Equipo:	34&#10;| Nombre:	Microphone Shotgun&#10;| Descripcion:	Micrófono Direccional&#10;| Estado:	Disponible&#10;--------------------------------------, --------------------------------------&#10;| ID Equipo:	35&#10;| Nombre:	Softbox 90cm&#10;| Descripcion:	Iluminación Suave&#10;| Estado:	Disponible&#10;--------------------------------------, --------------------------------------&#10;| ID Equipo:	36&#10;| Nombre:	Camera EOS R5&#10;| Descripcion:	Cámara Profesional Canon&#10;| Estado:	Disponible&#10;--------------------------------------, --------------------------------------&#10;| ID Equipo:	37&#10;| Nombre:	Camera EOS R5&#10;| Descripcion:	Cámara Profesional Canon&#10;| Estado:	En Uso&#10;--------------------------------------, --------------------------------------&#10;| ID Equipo:	38&#10;| Nombre:	LED Light Panel&#10;| Descripcion:	Iluminación Suave&#10;| Estado:	En Uso&#10;--------------------------------------, --------------------------------------&#10;| ID Equipo:	39&#10;| Nombre:	Tripod PRO X&#10;| Descripcion:	Trípode de Aluminio&#10;| Estado:	En Uso&#10;--------------------------------------, --------------------------------------&#10;| ID Equipo:	40&#10;| Nombre:	LED Light Panel&#10;| Descripcion:	Iluminación Suave&#10;| Estado:	Disponible&#10;--------------------------------------, --------------------------------------&#10;| ID Equipo:	43&#10;| Nombre:	LED Light Panel&#10;| Descripcion:	Iluminación Suave&#10;| Estado:	Disponible&#10;--------------------------------------, --------------------------------------&#10;| ID Equipo:	44&#10;| Nombre:	Microphone Shotgun&#10;| Descripcion:	Micrófono Direccional&#10;| Estado:	Disponible&#10;--------------------------------------, --------------------------------------&#10;| ID Equipo:	41&#10;| Nombre:	Camera EOS R5&#10;| Descripcion:	Cámara Profesional Canon&#10;| Estado:	En Uso&#10;--------------------------------------, --------------------------------------&#10;| ID Equipo:	45&#10;| Nombre:	Camera EOS R5&#10;| Descripcion:	Cámara Profesional Canon&#10;| Estado:	Disponible&#10;--------------------------------------, --------------------------------------&#10;| ID Equipo:	46&#10;| Nombre:	Tripod PRO X&#10;| Descripcion:	Trípode de Aluminio&#10;| Estado:	Disponible&#10;--------------------------------------, --------------------------------------&#10;| ID Equipo:	47&#10;| Nombre:	LED Light Panel&#10;| Descripcion:	Iluminación Suave&#10;| Estado:	Disponible&#10;--------------------------------------, --------------------------------------&#10;| ID Equipo:	48&#10;| Nombre:	null&#10;| Descripcion:	null&#10;| Estado:	null&#10;--------------------------------------]&gt;" type="org.opentest4j.AssertionFailedError"><![CDATA[org.opentest4j.AssertionFailedError: 
expected: <null> but was: <[--------------------------------------
| ID Equipo:	1
| Nombre:	null
| Descripcion:	null
| Estado:	null
--------------------------------------, --------------------------------------
| ID Equipo:	2
| Nombre:	null
| Descripcion:	null
| Estado:	Disponible
--------------------------------------, --------------------------------------
| ID Equipo:	3
| Nombre:	null
| Descripcion:	null
| Estado:	Mantenimiento
--------------------------------------, --------------------------------------
| ID Equipo:	4
| Nombre:	null
| Descripcion:	null
| Estado:	En Uso
--------------------------------------, --------------------------------------
| ID Equipo:	7
| Nombre:	Camera EOS R5
| Descripcion:	Cámara Profesional Canon
| Estado:	Disponible
--------------------------------------, --------------------------------------
| ID Equipo:	8
| Nombre:	Camera EOS R5
| Descripcion:	Cámara Profesional Canon
| Estado:	Disponible
--------------------------------------, --------------------------------------
| ID Equipo:	9
| Nombre:	Camera EOS R5
| Descripcion:	Cámara Profesional Canon
| Estado:	Disponible
--------------------------------------, --------------------------------------
| ID Equipo:	10
| Nombre:	Camera EOS R5
| Descripcion:	Cámara Profesional Canon
| Estado:	Disponible
--------------------------------------, --------------------------------------
| ID Equipo:	11
| Nombre:	Camera EOS R5
| Descripcion:	Cámara Profesional Canon
| Estado:	Disponible
--------------------------------------, --------------------------------------
| ID Equipo:	12
| Nombre:	Camera EOS R5
| Descripcion:	Cámara Profesional Canon
| Estado:	Disponible
--------------------------------------, --------------------------------------
| ID Equipo:	13
| Nombre:	Camera EOS R5
| Descripcion:	Cámara Profesional Canon
| Estado:	Disponible
--------------------------------------, --------------------------------------
| ID Equipo:	14
| Nombre:	Camera EOS R5
| Descripcion:	Cámara Profesional Canon
| Estado:	Disponible
--------------------------------------, --------------------------------------
| ID Equipo:	15
| Nombre:	Camera EOS R5
| Descripcion:	Cámara Profesional Canon
| Estado:	Disponible
--------------------------------------, --------------------------------------
| ID Equipo:	16
| Nombre:	Camera EOS R5
| Descripcion:	Cámara Profesional Canon
| Estado:	Disponible
--------------------------------------, --------------------------------------
| ID Equipo:	17
| Nombre:	Camera EOS R5
| Descripcion:	Cámara Profesional Canon
| Estado:	Disponible
--------------------------------------, --------------------------------------
| ID Equipo:	18
| Nombre:	Camera EOS R5
| Descripcion:	Cámara Profesional Canon
| Estado:	Disponible
--------------------------------------, --------------------------------------
| ID Equipo:	19
| Nombre:	Camera EOS R5
| Descripcion:	Cámara Profesional Canon
| Estado:	Disponible
--------------------------------------, --------------------------------------
| ID Equipo:	20
| Nombre:	Camera EOS R5
| Descripcion:	Cámara Profesional Canon
| Estado:	Disponible
--------------------------------------, --------------------------------------
| ID Equipo:	21
| Nombre:	Camera EOS R5
| Descripcion:	Cámara Profesional Canon
| Estado:	Disponible
--------------------------------------, --------------------------------------
| ID Equipo:	22
| Nombre:	Camera EOS R5
| Descripcion:	Cámara Profesional Canon
| Estado:	Disponible
--------------------------------------, --------------------------------------
| ID Equipo:	23
| Nombre:	Camera EOS R5
| Descripcion:	Cámara Profesional Canon
| Estado:	Disponible
--------------------------------------, --------------------------------------
| ID Equipo:	24
| Nombre:	Softbox 90cm
| Descripcion:	Iluminación Suave
| Estado:	Disponible
--------------------------------------, --------------------------------------
| ID Equipo:	25
| Nombre:	Softbox 90cm
| Descripcion:	Iluminación Suave
| Estado:	Disponible
--------------------------------------, --------------------------------------
| ID Equipo:	26
| Nombre:	Softbox 90cm
| Descripcion:	Iluminación Suave
| Estado:	Disponible
--------------------------------------, --------------------------------------
| ID Equipo:	27
| Nombre:	Softbox 90cm
| Descripcion:	Iluminación Suave
| Estado:	Disponible
--------------------------------------, --------------------------------------
| ID Equipo:	28
| Nombre:	Softbox 90cm
| Descripcion:	Iluminación Suave
| Estado:	Disponible
--------------------------------------, --------------------------------------
| ID Equipo:	29
| Nombre:	Camera EOS R5
| Descripcion:	Cámara Profesional Canon
| Estado:	Disponible
--------------------------------------, --------------------------------------
| ID Equipo:	30
| Nombre:	Tripod PRO X
| Descripcion:	Trípode de Aluminio
| Estado:	Disponible
--------------------------------------, --------------------------------------
| ID Equipo:	31
| Nombre:	Microphone Shotgun
| Descripcion:	Micrófono Direccional
| Estado:	Disponible
--------------------------------------, --------------------------------------
| ID Equipo:	32
| Nombre:	Tripod PRO X
| Descripcion:	Trípode de Aluminio
| Estado:	Disponible
--------------------------------------, --------------------------------------
| ID Equipo:	33
| Nombre:	LED Light Panel
| Descripcion:	Iluminación Suave
| Estado:	Disponible
--------------------------------------, --------------------------------------
| ID Equipo:	34
| Nombre:	Microphone Shotgun
| Descripcion:	Micrófono Direccional
| Estado:	Disponible
--------------------------------------, --------------------------------------
| ID Equipo:	35
| Nombre:	Softbox 90cm
| Descripcion:	Iluminación Suave
| Estado:	Disponible
--------------------------------------, --------------------------------------
| ID Equipo:	36
| Nombre:	Camera EOS R5
| Descripcion:	Cámara Profesional Canon
| Estado:	Disponible
--------------------------------------, --------------------------------------
| ID Equipo:	37
| Nombre:	Camera EOS R5
| Descripcion:	Cámara Profesional Canon
| Estado:	En Uso
--------------------------------------, --------------------------------------
| ID Equipo:	38
| Nombre:	LED Light Panel
| Descripcion:	Iluminación Suave
| Estado:	En Uso
--------------------------------------, --------------------------------------
| ID Equipo:	39
| Nombre:	Tripod PRO X
| Descripcion:	Trípode de Aluminio
| Estado:	En Uso
--------------------------------------, --------------------------------------
| ID Equipo:	40
| Nombre:	LED Light Panel
| Descripcion:	Iluminación Suave
| Estado:	Disponible
--------------------------------------, --------------------------------------
| ID Equipo:	43
| Nombre:	LED Light Panel
| Descripcion:	Iluminación Suave
| Estado:	Disponible
--------------------------------------, --------------------------------------
| ID Equipo:	44
| Nombre:	Microphone Shotgun
| Descripcion:	Micrófono Direccional
| Estado:	Disponible
--------------------------------------, --------------------------------------
| ID Equipo:	41
| Nombre:	Camera EOS R5
| Descripcion:	Cámara Profesional Canon
| Estado:	En Uso
--------------------------------------, --------------------------------------
| ID Equipo:	45
| Nombre:	Camera EOS R5
| Descripcion:	Cámara Profesional Canon
| Estado:	Disponible
--------------------------------------, --------------------------------------
| ID Equipo:	46
| Nombre:	Tripod PRO X
| Descripcion:	Trípode de Aluminio
| Estado:	Disponible
--------------------------------------, --------------------------------------
| ID Equipo:	47
| Nombre:	LED Light Panel
| Descripcion:	Iluminación Suave
| Estado:	Disponible
--------------------------------------, --------------------------------------
| ID Equipo:	48
| Nombre:	null
| Descripcion:	null
| Estado:	null
--------------------------------------]>
	at org.junit.jupiter.api.AssertionFailureBuilder.build(AssertionFailureBuilder.java:151)
	at org.junit.jupiter.api.AssertionFailureBuilder.buildAndThrow(AssertionFailureBuilder.java:132)
	at org.junit.jupiter.api.AssertEquals.failNotEqual(AssertEquals.java:197)
	at org.junit.jupiter.api.AssertEquals.assertEquals(AssertEquals.java:182)
	at org.junit.jupiter.api.AssertEquals.assertEquals(AssertEquals.java:177)
	at org.junit.jupiter.api.Assertions.assertEquals(Assertions.java:1145)
	at utils.EquipmentTest.testGetAllEquipment(EquipmentTest.java:99)
	at java.base/java.lang.reflect.Method.invoke(Method.java:565)
	at java.base/java.util.ArrayList.forEach(ArrayList.java:1604)
	at java.base/java.util.ArrayList.forEach(ArrayList.java:1604)
]]></failure>
    <system-out><![CDATA[getAllEquipment
]]></system-out>
  </testcase>
  <testcase name="testGetName" classname="utils.EquipmentTest" time="0.001">
    <failure message="expected: &lt;&gt; but was: &lt;null&gt;" type="org.opentest4j.AssertionFailedError"><![CDATA[org.opentest4j.AssertionFailedError: expected: <> but was: <null>
	at org.junit.jupiter.api.AssertionFailureBuilder.build(AssertionFailureBuilder.java:151)
	at org.junit.jupiter.api.AssertionFailureBuilder.buildAndThrow(AssertionFailureBuilder.java:132)
	at org.junit.jupiter.api.AssertEquals.failNotEqual(AssertEquals.java:197)
	at org.junit.jupiter.api.AssertEquals.assertEquals(AssertEquals.java:182)
	at org.junit.jupiter.api.AssertEquals.assertEquals(AssertEquals.java:177)
	at org.junit.jupiter.api.Assertions.assertEquals(Assertions.java:1145)
	at utils.EquipmentTest.testGetName(EquipmentTest.java:153)
	at java.base/java.lang.reflect.Method.invoke(Method.java:565)
	at java.base/java.util.ArrayList.forEach(ArrayList.java:1604)
	at java.base/java.util.ArrayList.forEach(ArrayList.java:1604)
]]></failure>
    <system-out><![CDATA[getName
]]></system-out>
  </testcase>
  <testcase name="testIsAvailable" classname="utils.EquipmentTest" time="0.005">
    <error message="Cannot invoke &quot;String.equals(Object)&quot; because &quot;this.status&quot; is null" type="java.lang.NullPointerException"><![CDATA[java.lang.NullPointerException: Cannot invoke "String.equals(Object)" because "this.status" is null
	at ec.edu.espe.crealtivastudios.model.Equipment.isAvailable(Equipment.java:136)
	at utils.EquipmentTest.testIsAvailable(EquipmentTest.java:215)
	at java.base/java.lang.reflect.Method.invoke(Method.java:565)
	at java.base/java.util.ArrayList.forEach(ArrayList.java:1604)
	at java.base/java.util.ArrayList.forEach(ArrayList.java:1604)
]]></error>
    <system-out><![CDATA[isAvailable
]]></system-out>
  </testcase>
  <testcase name="testSetEquipmentId" classname="utils.EquipmentTest" time="0.002">
    <failure message="The test case is a prototype." type="org.opentest4j.AssertionFailedError"><![CDATA[org.opentest4j.AssertionFailedError: The test case is a prototype.
	at org.junit.jupiter.api.AssertionUtils.fail(AssertionUtils.java:38)
	at org.junit.jupiter.api.Assertions.fail(Assertions.java:138)
	at utils.EquipmentTest.testSetEquipmentId(EquipmentTest.java:144)
	at java.base/java.lang.reflect.Method.invoke(Method.java:565)
	at java.base/java.util.ArrayList.forEach(ArrayList.java:1604)
	at java.base/java.util.ArrayList.forEach(ArrayList.java:1604)
]]></failure>
    <system-out><![CDATA[setEquipmentId
]]></system-out>
  </testcase>
  <testcase name="testFindById" classname="utils.EquipmentTest" time="0.001">
    <failure message="The test case is a prototype." type="org.opentest4j.AssertionFailedError"><![CDATA[org.opentest4j.AssertionFailedError: The test case is a prototype.
	at org.junit.jupiter.api.AssertionUtils.fail(AssertionUtils.java:38)
	at org.junit.jupiter.api.Assertions.fail(Assertions.java:138)
	at utils.EquipmentTest.testFindById(EquipmentTest.java:112)
	at java.base/java.lang.reflect.Method.invoke(Method.java:565)
	at java.base/java.util.ArrayList.forEach(ArrayList.java:1604)
	at java.base/java.util.ArrayList.forEach(ArrayList.java:1604)
]]></failure>
    <system-out><![CDATA[findById
]]></system-out>
  </testcase>
  <testcase name="testMarkAsAvailable" classname="utils.EquipmentTest" time="0.004">
    <failure message="The test case is a prototype." type="org.opentest4j.AssertionFailedError"><![CDATA[org.opentest4j.AssertionFailedError: The test case is a prototype.
	at org.junit.jupiter.api.AssertionUtils.fail(AssertionUtils.java:38)
	at org.junit.jupiter.api.Assertions.fail(Assertions.java:138)
	at utils.EquipmentTest.testMarkAsAvailable(EquipmentTest.java:74)
	at java.base/java.lang.reflect.Method.invoke(Method.java:565)
	at java.base/java.util.ArrayList.forEach(ArrayList.java:1604)
	at java.base/java.util.ArrayList.forEach(ArrayList.java:1604)
]]></failure>
    <system-out><![CDATA[markAsAvailable
]]></system-out>
  </testcase>
  <testcase name="testGetDescription" classname="utils.EquipmentTest" time="0.001">
    <failure message="expected: &lt;&gt; but was: &lt;null&gt;" type="org.opentest4j.AssertionFailedError"><![CDATA[org.opentest4j.AssertionFailedError: expected: <> but was: <null>
	at org.junit.jupiter.api.AssertionFailureBuilder.build(AssertionFailureBuilder.java:151)
	at org.junit.jupiter.api.AssertionFailureBuilder.buildAndThrow(AssertionFailureBuilder.java:132)
	at org.junit.jupiter.api.AssertEquals.failNotEqual(AssertEquals.java:197)
	at org.junit.jupiter.api.AssertEquals.assertEquals(AssertEquals.java:182)
	at org.junit.jupiter.api.AssertEquals.assertEquals(AssertEquals.java:177)
	at org.junit.jupiter.api.Assertions.assertEquals(Assertions.java:1145)
	at utils.EquipmentTest.testGetDescription(EquipmentTest.java:174)
	at java.base/java.lang.reflect.Method.invoke(Method.java:565)
	at java.base/java.util.ArrayList.forEach(ArrayList.java:1604)
	at java.base/java.util.ArrayList.forEach(ArrayList.java:1604)
]]></failure>
    <system-out><![CDATA[getDescription
]]></system-out>
  </testcase>
  <testcase name="testMarkAsMaintenance" classname="utils.EquipmentTest" time="0.006">
    <failure message="The test case is a prototype." type="org.opentest4j.AssertionFailedError"><![CDATA[org.opentest4j.AssertionFailedError: The test case is a prototype.
	at org.junit.jupiter.api.AssertionUtils.fail(AssertionUtils.java:38)
	at org.junit.jupiter.api.Assertions.fail(Assertions.java:138)
	at utils.EquipmentTest.testMarkAsMaintenance(EquipmentTest.java:83)
	at java.base/java.lang.reflect.Method.invoke(Method.java:565)
	at java.base/java.util.ArrayList.forEach(ArrayList.java:1604)
	at java.base/java.util.ArrayList.forEach(ArrayList.java:1604)
]]></failure>
    <system-out><![CDATA[markAsMaintenance
]]></system-out>
  </testcase>
  <testcase name="testToSimpleString" classname="utils.EquipmentTest" time="0.005">
    <failure message="expected: &lt;&gt; but was: &lt;ID: 0 | null | Estado: null&gt;" type="org.opentest4j.AssertionFailedError"><![CDATA[org.opentest4j.AssertionFailedError: expected: <> but was: <ID: 0 | null | Estado: null>
	at org.junit.jupiter.api.AssertionFailureBuilder.build(AssertionFailureBuilder.java:151)
	at org.junit.jupiter.api.AssertionFailureBuilder.buildAndThrow(AssertionFailureBuilder.java:132)
	at org.junit.jupiter.api.AssertEquals.failNotEqual(AssertEquals.java:197)
	at org.junit.jupiter.api.AssertEquals.assertEquals(AssertEquals.java:182)
	at org.junit.jupiter.api.AssertEquals.assertEquals(AssertEquals.java:177)
	at org.junit.jupiter.api.Assertions.assertEquals(Assertions.java:1145)
	at utils.EquipmentTest.testToSimpleString(EquipmentTest.java:227)
	at java.base/java.lang.reflect.Method.invoke(Method.java:565)
	at java.base/java.util.ArrayList.forEach(ArrayList.java:1604)
	at java.base/java.util.ArrayList.forEach(ArrayList.java:1604)
]]></failure>
    <system-out><![CDATA[toSimpleString
]]></system-out>
  </testcase>
  <testcase name="testSetStatus" classname="utils.EquipmentTest" time="0.001">
    <failure message="The test case is a prototype." type="org.opentest4j.AssertionFailedError"><![CDATA[org.opentest4j.AssertionFailedError: The test case is a prototype.
	at org.junit.jupiter.api.AssertionUtils.fail(AssertionUtils.java:38)
	at org.junit.jupiter.api.Assertions.fail(Assertions.java:138)
	at utils.EquipmentTest.testSetStatus(EquipmentTest.java:207)
	at java.base/java.lang.reflect.Method.invoke(Method.java:565)
	at java.base/java.util.ArrayList.forEach(ArrayList.java:1604)
	at java.base/java.util.ArrayList.forEach(ArrayList.java:1604)
]]></failure>
    <system-out><![CDATA[setStatus
]]></system-out>
  </testcase>
  <testcase name="testDelete" classname="utils.EquipmentTest" time="0.002">
    <failure message="The test case is a prototype." type="org.opentest4j.AssertionFailedError"><![CDATA[org.opentest4j.AssertionFailedError: The test case is a prototype.
	at org.junit.jupiter.api.AssertionUtils.fail(AssertionUtils.java:38)
	at org.junit.jupiter.api.Assertions.fail(Assertions.java:138)
	at utils.EquipmentTest.testDelete(EquipmentTest.java:56)
	at java.base/java.lang.reflect.Method.invoke(Method.java:565)
	at java.base/java.util.ArrayList.forEach(ArrayList.java:1604)
	at java.base/java.util.ArrayList.forEach(ArrayList.java:1604)
]]></failure>
    <system-out><![CDATA[delete
]]></system-out>
  </testcase>
  <testcase name="testGetStatus" classname="utils.EquipmentTest" time="0.001">
    <failure message="expected: &lt;&gt; but was: &lt;null&gt;" type="org.opentest4j.AssertionFailedError"><![CDATA[org.opentest4j.AssertionFailedError: expected: <> but was: <null>
	at org.junit.jupiter.api.AssertionFailureBuilder.build(AssertionFailureBuilder.java:151)
	at org.junit.jupiter.api.AssertionFailureBuilder.buildAndThrow(AssertionFailureBuilder.java:132)
	at org.junit.jupiter.api.AssertEquals.failNotEqual(AssertEquals.java:197)
	at org.junit.jupiter.api.AssertEquals.assertEquals(AssertEquals.java:182)
	at org.junit.jupiter.api.AssertEquals.assertEquals(AssertEquals.java:177)
	at org.junit.jupiter.api.Assertions.assertEquals(Assertions.java:1145)
	at utils.EquipmentTest.testGetStatus(EquipmentTest.java:195)
	at java.base/java.lang.reflect.Method.invoke(Method.java:565)
	at java.base/java.util.ArrayList.forEach(ArrayList.java:1604)
	at java.base/java.util.ArrayList.forEach(ArrayList.java:1604)
]]></failure>
    <system-out><![CDATA[getStatus
]]></system-out>
  </testcase>
  <testcase name="testSetName" classname="utils.EquipmentTest" time="0.001">
    <failure message="The test case is a prototype." type="org.opentest4j.AssertionFailedError"><![CDATA[org.opentest4j.AssertionFailedError: The test case is a prototype.
	at org.junit.jupiter.api.AssertionUtils.fail(AssertionUtils.java:38)
	at org.junit.jupiter.api.Assertions.fail(Assertions.java:138)
	at utils.EquipmentTest.testSetName(EquipmentTest.java:165)
	at java.base/java.lang.reflect.Method.invoke(Method.java:565)
	at java.base/java.util.ArrayList.forEach(ArrayList.java:1604)
	at java.base/java.util.ArrayList.forEach(ArrayList.java:1604)
]]></failure>
    <system-out><![CDATA[setName
]]></system-out>
  </testcase>
  <testcase name="testGetEquipmentId" classname="utils.EquipmentTest" time="0.001">
    <failure message="The test case is a prototype." type="org.opentest4j.AssertionFailedError"><![CDATA[org.opentest4j.AssertionFailedError: The test case is a prototype.
	at org.junit.jupiter.api.AssertionUtils.fail(AssertionUtils.java:38)
	at org.junit.jupiter.api.Assertions.fail(Assertions.java:138)
	at utils.EquipmentTest.testGetEquipmentId(EquipmentTest.java:134)
	at java.base/java.lang.reflect.Method.invoke(Method.java:565)
	at java.base/java.util.ArrayList.forEach(ArrayList.java:1604)
	at java.base/java.util.ArrayList.forEach(ArrayList.java:1604)
]]></failure>
    <system-out><![CDATA[getEquipmentId
]]></system-out>
  </testcase>
  <testcase name="testReloadFromJson" classname="utils.EquipmentTest" time="0.002">
    <failure message="The test case is a prototype." type="org.opentest4j.AssertionFailedError"><![CDATA[org.opentest4j.AssertionFailedError: The test case is a prototype.
	at org.junit.jupiter.api.AssertionUtils.fail(AssertionUtils.java:38)
	at org.junit.jupiter.api.Assertions.fail(Assertions.java:138)
	at utils.EquipmentTest.testReloadFromJson(EquipmentTest.java:91)
	at java.base/java.lang.reflect.Method.invoke(Method.java:565)
	at java.base/java.util.ArrayList.forEach(ArrayList.java:1604)
	at java.base/java.util.ArrayList.forEach(ArrayList.java:1604)
]]></failure>
    <system-out><![CDATA[reloadFromJson
]]></system-out>
  </testcase>
  <testcase name="testMarkAsInUse" classname="utils.EquipmentTest" time="0.002">
    <failure message="The test case is a prototype." type="org.opentest4j.AssertionFailedError"><![CDATA[org.opentest4j.AssertionFailedError: The test case is a prototype.
	at org.junit.jupiter.api.AssertionUtils.fail(AssertionUtils.java:38)
	at org.junit.jupiter.api.Assertions.fail(Assertions.java:138)
	at utils.EquipmentTest.testMarkAsInUse(EquipmentTest.java:65)
	at java.base/java.lang.reflect.Method.invoke(Method.java:565)
	at java.base/java.util.ArrayList.forEach(ArrayList.java:1604)
	at java.base/java.util.ArrayList.forEach(ArrayList.java:1604)
]]></failure>
    <system-out><![CDATA[markAsInUse
]]></system-out>
  </testcase>
</testsuite>