-------------------------------------------------------------------------------
Test set: utils.MonthTest
-------------------------------------------------------------------------------
Tests run: 21, Failures: 2, Errors: 19, Skipped: 0, Time elapsed: 0.063 s <<< FAILURE! -- in utils.MonthTest
utils.MonthTest.testAddVideoCall -- Time elapsed: 0.003 s <<< ERROR!
java.lang.NullPointerException: Cannot invoke "ec.edu.espe.crealtivastudios.model.Month.addVideoCall(ec.edu.espe.crealtivastudios.model.VideoCall)" because "instance" is null
	at utils.MonthTest.testAddVideoCall(MonthTest.java:58)
	at java.base/java.lang.reflect.Method.invoke(Method.java:565)
	at java.base/java.util.ArrayList.forEach(ArrayList.java:1604)
	at java.base/java.util.ArrayList.forEach(ArrayList.java:1604)

utils.MonthTest.testGetDetailedReport -- Time elapsed: 0 s <<< ERROR!
java.lang.NullPointerException: Cannot invoke "ec.edu.espe.crealtivastudios.model.Month.getDetailedReport()" because "instance" is null
	at utils.MonthTest.testGetDetailedReport(MonthTest.java:181)
	at java.base/java.lang.reflect.Method.invoke(Method.java:565)
	at java.base/java.util.ArrayList.forEach(ArrayList.java:1604)
	at java.base/java.util.ArrayList.forEach(ArrayList.java:1604)

utils.MonthTest.testGetMonth -- Time elapsed: 0.001 s <<< ERROR!
java.time.DateTimeException: Invalid value for MonthOfYear (valid values 1 - 12): 0
	at java.base/java.time.temporal.ValueRange.checkValidValue(ValueRange.java:319)
	at java.base/java.time.temporal.ChronoField.checkValidValue(ChronoField.java:721)
	at java.base/java.time.YearMonth.of(YearMonth.java:229)
	at ec.edu.espe.crealtivastudios.model.Month.<init>(Month.java:29)
	at ec.edu.espe.crealtivastudios.model.Month.getMonth(Month.java:250)
	at utils.MonthTest.testGetMonth(MonthTest.java:247)
	at java.base/java.lang.reflect.Method.invoke(Method.java:565)
	at java.base/java.util.ArrayList.forEach(ArrayList.java:1604)
	at java.base/java.util.ArrayList.forEach(ArrayList.java:1604)

utils.MonthTest.testGetCurrentMonth -- Time elapsed: 0.033 s <<< FAILURE!
org.opentest4j.AssertionFailedError: expected: <null> but was: <diciembre 2025 - 0 eventos, 0 videollamadas>
	at org.junit.jupiter.api.AssertionFailureBuilder.build(AssertionFailureBuilder.java:151)
	at org.junit.jupiter.api.AssertionFailureBuilder.buildAndThrow(AssertionFailureBuilder.java:132)
	at org.junit.jupiter.api.AssertEquals.failNotEqual(AssertEquals.java:197)
	at org.junit.jupiter.api.AssertEquals.assertEquals(AssertEquals.java:182)
	at org.junit.jupiter.api.AssertEquals.assertEquals(AssertEquals.java:177)
	at org.junit.jupiter.api.Assertions.assertEquals(Assertions.java:1145)
	at utils.MonthTest.testGetCurrentMonth(MonthTest.java:236)
	at java.base/java.lang.reflect.Method.invoke(Method.java:565)
	at java.base/java.util.ArrayList.forEach(ArrayList.java:1604)
	at java.base/java.util.ArrayList.forEach(ArrayList.java:1604)

utils.MonthTest.testToString -- Time elapsed: 0.001 s <<< ERROR!
java.lang.NullPointerException: Cannot invoke "ec.edu.espe.crealtivastudios.model.Month.toString()" because "instance" is null
	at utils.MonthTest.testToString(MonthTest.java:268)
	at java.base/java.lang.reflect.Method.invoke(Method.java:565)
	at java.base/java.util.ArrayList.forEach(ArrayList.java:1604)
	at java.base/java.util.ArrayList.forEach(ArrayList.java:1604)

utils.MonthTest.testGetEventsByDay -- Time elapsed: 0.001 s <<< ERROR!
java.lang.NullPointerException: Cannot invoke "ec.edu.espe.crealtivastudios.model.Month.getEventsByDay(int)" because "instance" is null
	at utils.MonthTest.testGetEventsByDay(MonthTest.java:147)
	at java.base/java.lang.reflect.Method.invoke(Method.java:565)
	at java.base/java.util.ArrayList.forEach(ArrayList.java:1604)
	at java.base/java.util.ArrayList.forEach(ArrayList.java:1604)

utils.MonthTest.testAddEvent -- Time elapsed: 0.001 s <<< ERROR!
java.lang.NullPointerException: Cannot invoke "ec.edu.espe.crealtivastudios.model.Month.addEvent(ec.edu.espe.crealtivastudios.model.Event)" because "instance" is null
	at utils.MonthTest.testAddEvent(MonthTest.java:46)
	at java.base/java.lang.reflect.Method.invoke(Method.java:565)
	at java.base/java.util.ArrayList.forEach(ArrayList.java:1604)
	at java.base/java.util.ArrayList.forEach(ArrayList.java:1604)

utils.MonthTest.testGetAllMonthsWithActivities -- Time elapsed: 0.001 s <<< FAILURE!
org.opentest4j.AssertionFailedError: expected: <null> but was: <[]>
	at org.junit.jupiter.api.AssertionFailureBuilder.build(AssertionFailureBuilder.java:151)
	at org.junit.jupiter.api.AssertionFailureBuilder.buildAndThrow(AssertionFailureBuilder.java:132)
	at org.junit.jupiter.api.AssertEquals.failNotEqual(AssertEquals.java:197)
	at org.junit.jupiter.api.AssertEquals.assertEquals(AssertEquals.java:182)
	at org.junit.jupiter.api.AssertEquals.assertEquals(AssertEquals.java:177)
	at org.junit.jupiter.api.Assertions.assertEquals(Assertions.java:1145)
	at utils.MonthTest.testGetAllMonthsWithActivities(MonthTest.java:258)
	at java.base/java.lang.reflect.Method.invoke(Method.java:565)
	at java.base/java.util.ArrayList.forEach(ArrayList.java:1604)
	at java.base/java.util.ArrayList.forEach(ArrayList.java:1604)

utils.MonthTest.testGetYear -- Time elapsed: 0.001 s <<< ERROR!
java.lang.NullPointerException: Cannot invoke "ec.edu.espe.crealtivastudios.model.Month.getYear()" because "instance" is null
	at utils.MonthTest.testGetYear(MonthTest.java:214)
	at java.base/java.lang.reflect.Method.invoke(Method.java:565)
	at java.base/java.util.ArrayList.forEach(ArrayList.java:1604)
	at java.base/java.util.ArrayList.forEach(ArrayList.java:1604)

utils.MonthTest.testGetMonthName -- Time elapsed: 0.002 s <<< ERROR!
java.lang.NullPointerException: Cannot invoke "ec.edu.espe.crealtivastudios.model.Month.getMonthName()" because "instance" is null
	at utils.MonthTest.testGetMonthName(MonthTest.java:203)
	at java.base/java.lang.reflect.Method.invoke(Method.java:565)
	at java.base/java.util.ArrayList.forEach(ArrayList.java:1604)
	at java.base/java.util.ArrayList.forEach(ArrayList.java:1604)

utils.MonthTest.testGetVideoCalls -- Time elapsed: 0.001 s <<< ERROR!
java.lang.NullPointerException: Cannot invoke "ec.edu.espe.crealtivastudios.model.Month.getVideoCalls()" because "instance" is null
	at utils.MonthTest.testGetVideoCalls(MonthTest.java:89)
	at java.base/java.lang.reflect.Method.invoke(Method.java:565)
	at java.base/java.util.ArrayList.forEach(ArrayList.java:1604)
	at java.base/java.util.ArrayList.forEach(ArrayList.java:1604)

utils.MonthTest.testGetMonthValue -- Time elapsed: 0.001 s <<< ERROR!
java.lang.NullPointerException: Cannot invoke "ec.edu.espe.crealtivastudios.model.Month.getMonthValue()" because "instance" is null
	at utils.MonthTest.testGetMonthValue(MonthTest.java:225)
	at java.base/java.lang.reflect.Method.invoke(Method.java:565)
	at java.base/java.util.ArrayList.forEach(ArrayList.java:1604)
	at java.base/java.util.ArrayList.forEach(ArrayList.java:1604)

utils.MonthTest.testGetTotalVideoCalls -- Time elapsed: 0.001 s <<< ERROR!
java.lang.NullPointerException: Cannot invoke "ec.edu.espe.crealtivastudios.model.Month.getTotalVideoCalls()" because "instance" is null
	at utils.MonthTest.testGetTotalVideoCalls(MonthTest.java:135)
	at java.base/java.lang.reflect.Method.invoke(Method.java:565)
	at java.base/java.util.ArrayList.forEach(ArrayList.java:1604)
	at java.base/java.util.ArrayList.forEach(ArrayList.java:1604)

utils.MonthTest.testGetYearMonth -- Time elapsed: 0.001 s <<< ERROR!
java.lang.NullPointerException: Cannot invoke "ec.edu.espe.crealtivastudios.model.Month.getYearMonth()" because "instance" is null
	at utils.MonthTest.testGetYearMonth(MonthTest.java:192)
	at java.base/java.lang.reflect.Method.invoke(Method.java:565)
	at java.base/java.util.ArrayList.forEach(ArrayList.java:1604)
	at java.base/java.util.ArrayList.forEach(ArrayList.java:1604)

utils.MonthTest.testLoadAllFromSystem -- Time elapsed: 0.001 s <<< ERROR!
java.lang.NullPointerException: Cannot invoke "ec.edu.espe.crealtivastudios.model.Month.loadAllFromSystem()" because "instance" is null
	at utils.MonthTest.testLoadAllFromSystem(MonthTest.java:68)
	at java.base/java.lang.reflect.Method.invoke(Method.java:565)
	at java.base/java.util.ArrayList.forEach(ArrayList.java:1604)
	at java.base/java.util.ArrayList.forEach(ArrayList.java:1604)

utils.MonthTest.testGetEvents -- Time elapsed: 0.001 s <<< ERROR!
java.lang.NullPointerException: Cannot invoke "ec.edu.espe.crealtivastudios.model.Month.getEvents()" because "instance" is null
	at utils.MonthTest.testGetEvents(MonthTest.java:78)
	at java.base/java.lang.reflect.Method.invoke(Method.java:565)
	at java.base/java.util.ArrayList.forEach(ArrayList.java:1604)
	at java.base/java.util.ArrayList.forEach(ArrayList.java:1604)

utils.MonthTest.testGetVideoCallsByCustomer -- Time elapsed: 0 s <<< ERROR!
java.lang.NullPointerException: Cannot invoke "ec.edu.espe.crealtivastudios.model.Month.getVideoCallsByCustomer(int)" because "instance" is null
	at utils.MonthTest.testGetVideoCallsByCustomer(MonthTest.java:113)
	at java.base/java.lang.reflect.Method.invoke(Method.java:565)
	at java.base/java.util.ArrayList.forEach(ArrayList.java:1604)
	at java.base/java.util.ArrayList.forEach(ArrayList.java:1604)

utils.MonthTest.testGetTotalEvents -- Time elapsed: 0.001 s <<< ERROR!
java.lang.NullPointerException: Cannot invoke "ec.edu.espe.crealtivastudios.model.Month.getTotalEvents()" because "instance" is null
	at utils.MonthTest.testGetTotalEvents(MonthTest.java:124)
	at java.base/java.lang.reflect.Method.invoke(Method.java:565)
	at java.base/java.util.ArrayList.forEach(ArrayList.java:1604)
	at java.base/java.util.ArrayList.forEach(ArrayList.java:1604)

utils.MonthTest.testGetVideoCallsByDay -- Time elapsed: 0.001 s <<< ERROR!
java.lang.NullPointerException: Cannot invoke "ec.edu.espe.crealtivastudios.model.Month.getVideoCallsByDay(int)" because "instance" is null
	at utils.MonthTest.testGetVideoCallsByDay(MonthTest.java:159)
	at java.base/java.lang.reflect.Method.invoke(Method.java:565)
	at java.base/java.util.ArrayList.forEach(ArrayList.java:1604)
	at java.base/java.util.ArrayList.forEach(ArrayList.java:1604)

utils.MonthTest.testGetEventsByType -- Time elapsed: 0.001 s <<< ERROR!
java.lang.NullPointerException: Cannot invoke "ec.edu.espe.crealtivastudios.model.Month.getEventsByType(int)" because "instance" is null
	at utils.MonthTest.testGetEventsByType(MonthTest.java:101)
	at java.base/java.lang.reflect.Method.invoke(Method.java:565)
	at java.base/java.util.ArrayList.forEach(ArrayList.java:1604)
	at java.base/java.util.ArrayList.forEach(ArrayList.java:1604)

utils.MonthTest.testGetMonthSummary -- Time elapsed: 0.001 s <<< ERROR!
java.lang.NullPointerException: Cannot invoke "ec.edu.espe.crealtivastudios.model.Month.getMonthSummary()" because "instance" is null
	at utils.MonthTest.testGetMonthSummary(MonthTest.java:170)
	at java.base/java.lang.reflect.Method.invoke(Method.java:565)
	at java.base/java.util.ArrayList.forEach(ArrayList.java:1604)
	at java.base/java.util.ArrayList.forEach(ArrayList.java:1604)

